<?xml version="1.0" encoding="UTF-8"?>
<testsuite xmlns:xsi="http://www.w3.org/2001/XMLSchema-instance" xsi:noNamespaceSchemaLocation="https://maven.apache.org/surefire/maven-surefire-plugin/xsd/surefire-test-report.xsd" version="3.0.2" name="com.practica.practica.Practica1AllanSotoApplicationTests" time="3.741" tests="1" errors="0" skipped="0" failures="0">
  <properties>
[...]
</properties>
  <testcase name="contextLoads" classname="com.practica.practica.Practica1AllanSotoApplicationTests" time="0.889">
    <system-out><![CDATA[18:17:01.923 [main] INFO org.springframework.test.context.support.AnnotationConfigContextLoaderUtils -- Could not detect default configuration classes for test class [com.practica.practica.Practica1AllanSotoApplicationTests]: Practica1AllanSotoApplicationTests does not declare any static, non-private, non-final, nested classes annotated with @Configuration.
18:17:02.067 [main] INFO org.springframework.boot.test.context.SpringBootTestContextBootstrapper -- Found @SpringBootConfiguration com.practica.practica.Practica1AllanSotoApplication for test class com.practica.practica.Practica1AllanSotoApplicationTests
18:17:02.274 [main] INFO org.springframework.boot.devtools.restart.RestartApplicationListener -- Restart disabled due to context in which it is running
05-02 18:17 TRACE o.s.c.i.s.SpringFactoriesLoader - Loaded [org.springframework.boot.ApplicationContextFactory] names: [org.springframework.boot.web.reactive.context.ReactiveWebServerApplicationContextFactory, org.springframework.boot.web.servlet.context.ServletWebServerApplicationContextFactory]

  .   ____          _            __ _ _
 /\\ / ___'_ __ _ _(_)_ __  __ _ \ \ \ \
( ( )\___ | '_ | '_| | '_ \/ _` | \ \ \ \
 \\/  ___)| |_)| | | | | || (_| |  ) ) ) )
  '  |____| .__|_| |_|_| |_\__, | / / / /
 =========|_|==============|___/=/_/_/_/

 :: Spring Boot ::               (v3.5.10)

05-02 18:17 TRACE o.s.b.f.s.DefaultListableBeanFactory - Registering scope 'restart' with implementation [org.springframework.boot.devtools.restart.RestartScopeInitializer$RestartScope@5cad8b7d]
05-02 18:17 TRACE o.s.c.i.s.SpringFactoriesLoader - Loaded [org.springframework.core.io.ProtocolResolver] names: [org.springframework.boot.io.Base64ProtocolResolver]
05-02 18:17 TRACE o.s.b.f.s.DefaultListableBeanFactory - Returning cached instance of singleton bean 'autoConfigurationReport'
05-02 18:17 INFO  c.p.p.Practica1AllanSotoApplicationTests - Starting Practica1AllanSotoApplicationTests using Java 25.0.2 with PID 15860 (started by allan in C:\Users\allan\Documents\practica\Practica01)
05-02 18:17 DEBUG c.p.p.Practica1AllanSotoApplicationTests - Running with Spring Boot v3.5.10, Spring v6.2.15
05-02 18:17 INFO  c.p.p.Practica1AllanSotoApplicationTests - No active profile set, falling back to 1 default profile: "default"
05-02 18:17 DEBUG o.s.boot.SpringApplication - Loading source class com.practica.practica.Practica1AllanSotoApplication
05-02 18:17 TRACE o.s.c.a.ClassPathBeanDefinitionScanner - JSR-250 'jakarta.annotation.ManagedBean' found and supported for component scanning
05-02 18:17 TRACE o.s.b.e.RandomValuePropertySourceEnvironmentPostProcessor - RandomValuePropertySource add to Environment
05-02 18:17 TRACE o.s.b.c.c.ConfigDataEnvironmentPostProcessor - Post-processing environment to add config data
05-02 18:17 TRACE o.s.b.c.config.ConfigDataEnvironment - Building config data environment contributors
05-02 18:17 TRACE o.s.b.c.config.ConfigDataEnvironment - Creating wrapped config data contributor for 'Inlined Test Properties'
05-02 18:17 TRACE o.s.b.c.config.ConfigDataEnvironment - Creating wrapped config data contributor for 'configurationProperties'
05-02 18:17 TRACE o.s.b.c.config.ConfigDataEnvironment - Creating wrapped config data contributor for 'servletConfigInitParams'
05-02 18:17 TRACE o.s.b.c.config.ConfigDataEnvironment - Creating wrapped config data contributor for 'servletContextInitParams'
05-02 18:17 TRACE o.s.b.c.config.ConfigDataEnvironment - Creating wrapped config data contributor for 'systemProperties'
05-02 18:17 TRACE o.s.b.c.config.ConfigDataEnvironment - Creating wrapped config data contributor for 'systemEnvironment'
05-02 18:17 TRACE o.s.b.c.config.ConfigDataEnvironment - Creating wrapped config data contributor for 'random'
05-02 18:17 TRACE o.s.b.c.config.ConfigDataEnvironment - Creating wrapped config data contributor for 'applicationInfo'
05-02 18:17 TRACE o.s.b.c.config.ConfigDataEnvironment - Adding initial config data import from location 'optional:file:./;optional:file:./config/;optional:file:./config/*/'
05-02 18:17 TRACE o.s.b.c.config.ConfigDataEnvironment - Adding initial config data import from location 'optional:classpath:/;optional:classpath:/config/'
05-02 18:17 TRACE o.s.b.c.config.ConfigDataEnvironment - Processing initial config data environment contributors without activation context
05-02 18:17 TRACE o.s.b.c.c.ConfigDataEnvironmentContributors - Processing imports for phase BEFORE_PROFILE_ACTIVATION. no activation context
05-02 18:17 TRACE o.s.b.c.c.ConfigDataEnvironmentContributors - Processing imports [optional:file:./;optional:file:./config/;optional:file:./config/*/]
05-02 18:17 TRACE o.s.b.c.c.StandardConfigDataLocationResolver - Skipping missing resource file:./application.yaml
05-02 18:17 TRACE o.s.b.c.c.StandardConfigDataLocationResolver - Skipping missing resource file:./application.yml
05-02 18:17 TRACE o.s.b.c.c.StandardConfigDataLocationResolver - Skipping missing resource file:./application.xml
05-02 18:17 TRACE o.s.b.c.c.StandardConfigDataLocationResolver - Skipping missing resource file:./application.properties
05-02 18:17 TRACE o.s.b.c.c.StandardConfigDataLocationResolver - Skipping missing resource file:./config/application.yaml
05-02 18:17 TRACE o.s.b.c.c.StandardConfigDataLocationResolver - Skipping missing resource file:./config/application.yml
05-02 18:17 TRACE o.s.b.c.c.StandardConfigDataLocationResolver - Skipping missing resource file:./config/application.xml
05-02 18:17 TRACE o.s.b.c.c.StandardConfigDataLocationResolver - Skipping missing resource file:./config/application.properties
05-02 18:17 TRACE o.s.b.c.config.ConfigDataImporter - Considering resource file [.] from location optional:file:./;optional:file:./config/;optional:file:./config/*/
05-02 18:17 TRACE o.s.b.c.config.ConfigDataLoaders - Loading file [.] using loader org.springframework.boot.context.config.StandardConfigDataLoader
05-02 18:17 TRACE o.s.b.c.config.ConfigDataImporter - Loaded resource file [.] from location optional:file:./;optional:file:./config/;optional:file:./config/*/
05-02 18:17 TRACE o.s.b.c.c.ConfigDataEnvironmentContributors - Imported 1 resource [file [.]]
05-02 18:17 TRACE o.s.b.c.c.ConfigDataEnvironmentContributors - Processing imports [optional:classpath:/;optional:classpath:/config/]
05-02 18:17 TRACE o.s.b.c.c.StandardConfigDataLocationResolver - Skipping missing resource classpath:/application.yaml
05-02 18:17 TRACE o.s.b.c.c.StandardConfigDataLocationResolver - Skipping missing resource classpath:/application.yml
05-02 18:17 TRACE o.s.b.c.c.StandardConfigDataLocationResolver - Skipping missing resource classpath:/application.xml
05-02 18:17 TRACE o.s.b.c.c.StandardConfigDataLocationResolver - Skipping missing resource classpath:/config/application.yaml
05-02 18:17 TRACE o.s.b.c.c.StandardConfigDataLocationResolver - Skipping missing resource classpath:/config/application.yml
05-02 18:17 TRACE o.s.b.c.c.StandardConfigDataLocationResolver - Skipping missing resource classpath:/config/application.xml
05-02 18:17 TRACE o.s.b.c.c.StandardConfigDataLocationResolver - Skipping missing resource classpath:/config/application.properties
05-02 18:17 TRACE o.s.b.c.config.ConfigDataImporter - Considering resource class path resource [application.properties] from location optional:classpath:/;optional:classpath:/config/
05-02 18:17 TRACE o.s.b.c.config.ConfigDataLoaders - Loading class path resource [application.properties] using loader org.springframework.boot.context.config.StandardConfigDataLoader
05-02 18:17 TRACE o.s.b.c.config.ConfigDataImporter - Loaded resource class path resource [application.properties] from location optional:classpath:/;optional:classpath:/config/
05-02 18:17 TRACE o.s.b.c.c.ConfigDataEnvironmentContributors - Imported 1 resource [class path resource [application.properties]]
05-02 18:17 TRACE o.s.b.c.c.ConfigDataEnvironmentContributors - Processed imports for of 2 contributors
05-02 18:17 TRACE o.s.b.c.config.ConfigDataEnvironment - Creating config data activation context from initial contributions
05-02 18:17 TRACE o.s.b.c.config.ConfigDataEnvironment - Processing config data environment contributors with initial activation context
05-02 18:17 TRACE o.s.b.c.c.ConfigDataEnvironmentContributors - Processing imports for phase BEFORE_PROFILE_ACTIVATION. [ConfigDataActivationContext@7ba63fe5 cloudPlatform = [null], profiles = [null]]
05-02 18:17 TRACE o.s.b.c.c.ConfigDataEnvironmentContributors - Processed imports for of 0 contributors
05-02 18:17 TRACE o.s.b.c.config.ConfigDataEnvironment - Deducing profiles from current config data environment contributors
05-02 18:17 TRACE o.s.b.c.config.ConfigDataEnvironment - Processing config data environment contributors with profile activation context
05-02 18:17 TRACE o.s.b.c.c.ConfigDataEnvironmentContributors - Processing imports for phase AFTER_PROFILE_ACTIVATION. [ConfigDataActivationContext@73386d72 cloudPlatform = [null], profiles = [Profiles@6f330eb9 active = '[]', default = '[default]', accepted = '[default]']]
05-02 18:17 TRACE o.s.b.c.c.ConfigDataEnvironmentContributors - Processing imports [optional:file:./;optional:file:./config/;optional:file:./config/*/]
05-02 18:17 TRACE o.s.b.c.c.StandardConfigDataLocationResolver - Skipping missing resource file:./application.yaml
05-02 18:17 TRACE o.s.b.c.c.StandardConfigDataLocationResolver - Skipping missing resource file:./application.yml
05-02 18:17 TRACE o.s.b.c.c.StandardConfigDataLocationResolver - Skipping missing resource file:./application.xml
05-02 18:17 TRACE o.s.b.c.c.StandardConfigDataLocationResolver - Skipping missing resource file:./application.properties
05-02 18:17 TRACE o.s.b.c.c.StandardConfigDataLocationResolver - Skipping missing resource file:./config/application.yaml
05-02 18:17 TRACE o.s.b.c.c.StandardConfigDataLocationResolver - Skipping missing resource file:./config/application.yml
05-02 18:17 TRACE o.s.b.c.c.StandardConfigDataLocationResolver - Skipping missing resource file:./config/application.xml
05-02 18:17 TRACE o.s.b.c.c.StandardConfigDataLocationResolver - Skipping missing resource file:./config/application.properties
05-02 18:17 TRACE o.s.b.c.c.StandardConfigDataLocationResolver - Skipping missing resource file:./application-default.yaml
05-02 18:17 TRACE o.s.b.c.c.StandardConfigDataLocationResolver - Skipping missing resource file:./application-default.yml
05-02 18:17 TRACE o.s.b.c.c.StandardConfigDataLocationResolver - Skipping missing resource file:./application-default.xml
05-02 18:17 TRACE o.s.b.c.c.StandardConfigDataLocationResolver - Skipping missing resource file:./application-default.properties
05-02 18:17 TRACE o.s.b.c.c.StandardConfigDataLocationResolver - Skipping missing resource file:./config/application-default.yaml
05-02 18:17 TRACE o.s.b.c.c.StandardConfigDataLocationResolver - Skipping missing resource file:./config/application-default.yml
05-02 18:17 TRACE o.s.b.c.c.StandardConfigDataLocationResolver - Skipping missing resource file:./config/application-default.xml
05-02 18:17 TRACE o.s.b.c.c.StandardConfigDataLocationResolver - Skipping missing resource file:./config/application-default.properties
05-02 18:17 TRACE o.s.b.c.config.ConfigDataImporter - Considering resource file [.] from location optional:file:./;optional:file:./config/;optional:file:./config/*/
05-02 18:17 TRACE o.s.b.c.config.ConfigDataImporter - Already loaded resource file [.] ignoring location optional:file:./;optional:file:./config/;optional:file:./config/*/
05-02 18:17 TRACE o.s.b.c.config.ConfigDataImporter - Considering resource file [.] from location optional:file:./;optional:file:./config/;optional:file:./config/*/
05-02 18:17 TRACE o.s.b.c.config.ConfigDataImporter - Already loaded resource file [.] ignoring location optional:file:./;optional:file:./config/;optional:file:./config/*/
05-02 18:17 TRACE o.s.b.c.c.ConfigDataEnvironmentContributors - Nothing imported
05-02 18:17 TRACE o.s.b.c.c.ConfigDataEnvironmentContributors - Processing imports [optional:classpath:/;optional:classpath:/config/]
05-02 18:17 TRACE o.s.b.c.c.StandardConfigDataLocationResolver - Skipping missing resource classpath:/application.yaml
05-02 18:17 TRACE o.s.b.c.c.StandardConfigDataLocationResolver - Skipping missing resource classpath:/application.yml
05-02 18:17 TRACE o.s.b.c.c.StandardConfigDataLocationResolver - Skipping missing resource classpath:/application.xml
05-02 18:17 TRACE o.s.b.c.c.StandardConfigDataLocationResolver - Skipping missing resource classpath:/config/application.yaml
05-02 18:17 TRACE o.s.b.c.c.StandardConfigDataLocationResolver - Skipping missing resource classpath:/config/application.yml
05-02 18:17 TRACE o.s.b.c.c.StandardConfigDataLocationResolver - Skipping missing resource classpath:/config/application.xml
05-02 18:17 TRACE o.s.b.c.c.StandardConfigDataLocationResolver - Skipping missing resource classpath:/config/application.properties
05-02 18:17 TRACE o.s.b.c.c.StandardConfigDataLocationResolver - Skipping missing resource classpath:/application-default.yaml
05-02 18:17 TRACE o.s.b.c.c.StandardConfigDataLocationResolver - Skipping missing resource classpath:/application-default.yml
05-02 18:17 TRACE o.s.b.c.c.StandardConfigDataLocationResolver - Skipping missing resource classpath:/application-default.xml
05-02 18:17 TRACE o.s.b.c.c.StandardConfigDataLocationResolver - Skipping missing resource classpath:/application-default.properties
05-02 18:17 TRACE o.s.b.c.c.StandardConfigDataLocationResolver - Skipping missing resource classpath:/config/application-default.yaml
05-02 18:17 TRACE o.s.b.c.c.StandardConfigDataLocationResolver - Skipping missing resource classpath:/config/application-default.yml
05-02 18:17 TRACE o.s.b.c.c.StandardConfigDataLocationResolver - Skipping missing resource classpath:/config/application-default.xml
05-02 18:17 TRACE o.s.b.c.c.StandardConfigDataLocationResolver - Skipping missing resource classpath:/config/application-default.properties
05-02 18:17 TRACE o.s.b.c.config.ConfigDataImporter - Considering resource class path resource [application.properties] from location optional:classpath:/;optional:classpath:/config/
05-02 18:17 TRACE o.s.b.c.config.ConfigDataImporter - Already loaded resource class path resource [application.properties] ignoring location optional:classpath:/;optional:classpath:/config/
05-02 18:17 TRACE o.s.b.c.c.ConfigDataEnvironmentContributors - Nothing imported
05-02 18:17 TRACE o.s.b.c.c.ConfigDataEnvironmentContributors - Processed imports for of 2 contributors
05-02 18:17 TRACE o.s.b.c.config.ConfigDataEnvironment - Applying config data environment contributions
05-02 18:17 TRACE o.s.b.c.config.ConfigDataEnvironment - Adding imported property source 'Config resource 'class path resource [application.properties]' via location 'optional:classpath:/''
05-02 18:17 TRACE o.s.b.c.config.ConfigDataEnvironment - Setting default profiles: [default]
05-02 18:17 TRACE o.s.b.c.config.ConfigDataEnvironment - Setting active profiles: []
05-02 18:17 TRACE o.s.w.c.s.GenericWebApplicationContext - Refreshing org.springframework.web.context.support.GenericWebApplicationContext@4d9d1b69, started on Thu Feb 05 18:17:02 CST 2026
05-02 18:17 TRACE o.s.b.f.s.DefaultListableBeanFactory - Registering scope 'request' with implementation [org.springframework.web.context.request.RequestScope@44f9779c]
05-02 18:17 TRACE o.s.b.f.s.DefaultListableBeanFactory - Registering scope 'session' with implementation [org.springframework.web.context.request.SessionScope@4c9e9fb8]
05-02 18:17 TRACE o.s.b.f.s.DefaultListableBeanFactory - Registering scope 'application' with implementation [org.springframework.web.context.support.ServletContextScope@6f95cd51]
05-02 18:17 DEBUG o.s.b.f.s.DefaultListableBeanFactory - Creating shared instance of singleton bean 'org.springframework.context.annotation.internalConfigurationAnnotationProcessor'
05-02 18:17 TRACE o.s.b.f.s.DefaultListableBeanFactory - Creating instance of bean 'org.springframework.context.annotation.internalConfigurationAnnotationProcessor'
05-02 18:17 DEBUG o.s.b.f.s.DefaultListableBeanFactory - Creating shared instance of singleton bean 'org.springframework.boot.autoconfigure.internalCachingMetadataReaderFactory'
05-02 18:17 TRACE o.s.b.f.s.DefaultListableBeanFactory - Creating instance of bean 'org.springframework.boot.autoconfigure.internalCachingMetadataReaderFactory'
05-02 18:17 TRACE o.s.b.f.s.DefaultListableBeanFactory - Finished creating instance of bean 'org.springframework.boot.autoconfigure.internalCachingMetadataReaderFactory'
05-02 18:17 TRACE o.s.c.i.s.SpringFactoriesLoader - Loaded [org.springframework.beans.BeanInfoFactory] names: []
05-02 18:17 TRACE o.s.beans.CachedIntrospectionResults - Getting BeanInfo for class [org.springframework.context.annotation.ConfigurationClassPostProcessor]
05-02 18:17 TRACE o.s.beans.CachedIntrospectionResults - Caching PropertyDescriptors for class [org.springframework.context.annotation.ConfigurationClassPostProcessor]
05-02 18:17 TRACE o.s.beans.CachedIntrospectionResults - Found bean property 'applicationStartup' of type [org.springframework.core.metrics.ApplicationStartup]
05-02 18:17 TRACE o.s.beans.CachedIntrospectionResults - Found bean property 'beanClassLoader' of type [java.lang.ClassLoader]
05-02 18:17 TRACE o.s.beans.CachedIntrospectionResults - Found bean property 'beanExcludedFromAotProcessing' of type [boolean]
05-02 18:17 TRACE o.s.beans.CachedIntrospectionResults - Found bean property 'beanNameGenerator' of type [org.springframework.beans.factory.support.BeanNameGenerator]
05-02 18:17 TRACE o.s.beans.CachedIntrospectionResults - Found bean property 'class' of type [java.lang.Class]
05-02 18:17 TRACE o.s.beans.CachedIntrospectionResults - Found bean property 'environment' of type [org.springframework.core.env.Environment]
05-02 18:17 TRACE o.s.beans.CachedIntrospectionResults - Found bean property 'metadataReaderFactory' of type [org.springframework.core.type.classreading.MetadataReaderFactory]
05-02 18:17 TRACE o.s.beans.CachedIntrospectionResults - Found bean property 'order' of type [int]
05-02 18:17 TRACE o.s.beans.CachedIntrospectionResults - Found bean property 'problemReporter' of type [org.springframework.beans.factory.parsing.ProblemReporter]
05-02 18:17 TRACE o.s.beans.CachedIntrospectionResults - Found bean property 'resourceLoader' of type [org.springframework.core.io.ResourceLoader]
05-02 18:17 TRACE o.s.beans.CachedIntrospectionResults - Found bean property 'sourceExtractor' of type [org.springframework.beans.factory.parsing.SourceExtractor]
05-02 18:17 TRACE o.s.b.f.s.DefaultListableBeanFactory - Finished creating instance of bean 'org.springframework.context.annotation.internalConfigurationAnnotationProcessor'
05-02 18:17 TRACE o.s.c.a.ClassPathBeanDefinitionScanner - JSR-250 'jakarta.annotation.ManagedBean' found and supported for component scanning
05-02 18:17 TRACE o.s.c.i.s.PathMatchingResourcePatternResolver - Resolved module-path location pattern [com/practica/practica/**/*.class] to resources []
05-02 18:17 TRACE o.s.c.i.s.PathMatchingResourcePatternResolver - Resolved module-path location pattern [com/practica/practica/] to resources []
05-02 18:17 TRACE o.s.c.i.s.PathMatchingResourcePatternResolver - Resolved class path location [com/practica/practica/] to resources [file [C:\Users\allan\Documents\practica\Practica01\target\test-classes\com\practica\practica], file [C:\Users\allan\Documents\practica\Practica01\target\classes\com\practica\practica]]
05-02 18:17 TRACE o.s.c.i.s.PathMatchingResourcePatternResolver - Searching directory [C:\Users\allan\Documents\practica\Practica01\target\test-classes\com\practica\practica] for files matching pattern [**/*.class]
05-02 18:17 TRACE o.s.c.i.s.PathMatchingResourcePatternResolver - Searching directory [C:\Users\allan\Documents\practica\Practica01\target\classes\com\practica\practica] for files matching pattern [**/*.class]
05-02 18:17 TRACE o.s.c.i.s.PathMatchingResourcePatternResolver - Resolved location pattern [classpath*:com/practica/practica/**/*.class] to resources [file [C:\Users\allan\Documents\practica\Practica01\target\test-classes\com\practica\practica\Practica1AllanSotoApplicationTests.class], file [C:\Users\allan\Documents\practica\Practica01\target\classes\com\practica\practica\Practica1AllanSotoApplication.class], file [C:\Users\allan\Documents\practica\Practica01\target\classes\com\practica\practica\ProjectConfig.class]]
05-02 18:17 TRACE o.s.c.a.ClassPathBeanDefinitionScanner - Scanning file [C:\Users\allan\Documents\practica\Practica01\target\test-classes\com\practica\practica\Practica1AllanSotoApplicationTests.class]
05-02 18:17 TRACE o.s.b.f.s.DefaultListableBeanFactory - Returning cached instance of singleton bean 'org.springframework.boot.test.context.filter.TestTypeExcludeFilter'
05-02 18:17 TRACE o.s.c.a.ClassPathBeanDefinitionScanner - Ignored because not matching any filter: file [C:\Users\allan\Documents\practica\Practica01\target\test-classes\com\practica\practica\Practica1AllanSotoApplicationTests.class]
05-02 18:17 TRACE o.s.c.a.ClassPathBeanDefinitionScanner - Scanning file [C:\Users\allan\Documents\practica\Practica01\target\classes\com\practica\practica\Practica1AllanSotoApplication.class]
05-02 18:17 TRACE o.s.c.a.ClassPathBeanDefinitionScanner - Ignored because not matching any filter: file [C:\Users\allan\Documents\practica\Practica01\target\classes\com\practica\practica\Practica1AllanSotoApplication.class]
05-02 18:17 TRACE o.s.c.a.ClassPathBeanDefinitionScanner - Scanning file [C:\Users\allan\Documents\practica\Practica01\target\classes\com\practica\practica\ProjectConfig.class]
05-02 18:17 DEBUG o.s.c.a.ClassPathBeanDefinitionScanner - Identified candidate component class: file [C:\Users\allan\Documents\practica\Practica01\target\classes\com\practica\practica\ProjectConfig.class]
05-02 18:17 TRACE o.s.c.i.s.SpringFactoriesLoader - Loaded [org.springframework.boot.autoconfigure.AutoConfigurationImportFilter] names: [org.springframework.boot.autoconfigure.condition.OnBeanCondition, org.springframework.boot.autoconfigure.condition.OnClassCondition, org.springframework.boot.autoconfigure.condition.OnWebApplicationCondition]
05-02 18:17 TRACE o.s.b.f.s.DefaultListableBeanFactory - Returning cached instance of singleton bean 'autoConfigurationReport'
05-02 18:17 TRACE o.s.b.a.condition.OnClassCondition - Condition OnClassCondition on org.springframework.boot.devtools.autoconfigure.DevToolsR2dbcAutoConfiguration did not match due to @ConditionalOnClass did not find required class 'io.r2dbc.spi.ConnectionFactory'
05-02 18:17 TRACE o.s.b.a.condition.OnClassCondition - Condition OnClassCondition on org.springframework.boot.autoconfigure.amqp.RabbitAutoConfiguration did not match due to @ConditionalOnClass did not find required class 'com.rabbitmq.client.Channel'
05-02 18:17 TRACE o.s.b.a.condition.OnClassCondition - Condition OnClassCondition on org.springframework.boot.autoconfigure.batch.BatchAutoConfiguration did not match due to @ConditionalOnClass did not find required class 'org.springframework.batch.core.launch.JobLauncher'
05-02 18:17 TRACE o.s.b.a.condition.OnClassCondition - Condition OnClassCondition on org.springframework.boot.autoconfigure.cassandra.CassandraAutoConfiguration did not match due to @ConditionalOnClass did not find required class 'com.datastax.oss.driver.api.core.CqlSession'
05-02 18:17 TRACE o.s.b.a.condition.OnClassCondition - Condition OnClassCondition on org.springframework.boot.autoconfigure.couchbase.CouchbaseAutoConfiguration did not match due to @ConditionalOnClass did not find required class 'com.couchbase.client.java.Cluster'
05-02 18:17 TRACE o.s.b.a.condition.OnClassCondition - Condition OnClassCondition on org.springframework.boot.autoconfigure.dao.PersistenceExceptionTranslationAutoConfiguration did not match due to @ConditionalOnClass did not find required class 'org.springframework.dao.annotation.PersistenceExceptionTranslationPostProcessor'
05-02 18:17 TRACE o.s.b.a.condition.OnClassCondition - Condition OnClassCondition on org.springframework.boot.autoconfigure.data.cassandra.CassandraDataAutoConfiguration did not match due to @ConditionalOnClass did not find required class 'com.datastax.oss.driver.api.core.CqlSession'
05-02 18:17 TRACE o.s.b.a.condition.OnClassCondition - Condition OnClassCondition on org.springframework.boot.autoconfigure.data.cassandra.CassandraReactiveDataAutoConfiguration did not match due to @ConditionalOnClass did not find required class 'com.datastax.oss.driver.api.core.CqlSession'
05-02 18:17 TRACE o.s.b.a.condition.OnClassCondition - Condition OnClassCondition on org.springframework.boot.autoconfigure.data.cassandra.CassandraReactiveRepositoriesAutoConfiguration did not match due to @ConditionalOnClass did not find required class 'org.springframework.data.cassandra.ReactiveSession'
05-02 18:17 TRACE o.s.b.a.condition.OnClassCondition - Condition OnClassCondition on org.springframework.boot.autoconfigure.data.cassandra.CassandraRepositoriesAutoConfiguration did not match due to @ConditionalOnClass did not find required class 'com.datastax.oss.driver.api.core.CqlSession'
05-02 18:17 TRACE o.s.b.a.condition.OnClassCondition - Condition OnClassCondition on org.springframework.boot.autoconfigure.data.couchbase.CouchbaseDataAutoConfiguration did not match due to @ConditionalOnClass did not find required class 'com.couchbase.client.java.Bucket'
05-02 18:17 TRACE o.s.b.a.condition.OnClassCondition - Condition OnClassCondition on org.springframework.boot.autoconfigure.data.couchbase.CouchbaseReactiveDataAutoConfiguration did not match due to @ConditionalOnClass did not find required class 'com.couchbase.client.java.Cluster'
05-02 18:17 TRACE o.s.b.a.condition.OnClassCondition - Condition OnClassCondition on org.springframework.boot.autoconfigure.data.couchbase.CouchbaseReactiveRepositoriesAutoConfiguration did not match due to @ConditionalOnClass did not find required class 'com.couchbase.client.java.Cluster'
05-02 18:17 TRACE o.s.b.a.condition.OnClassCondition - Condition OnClassCondition on org.springframework.boot.autoconfigure.data.couchbase.CouchbaseRepositoriesAutoConfiguration did not match due to @ConditionalOnClass did not find required class 'com.couchbase.client.java.Bucket'
05-02 18:17 TRACE o.s.b.a.condition.OnClassCondition - Condition OnClassCondition on org.springframework.boot.autoconfigure.data.elasticsearch.ElasticsearchDataAutoConfiguration did not match due to @ConditionalOnClass did not find required class 'org.springframework.data.elasticsearch.client.elc.ElasticsearchTemplate'
05-02 18:17 TRACE o.s.b.a.condition.OnClassCondition - Condition OnClassCondition on org.springframework.boot.autoconfigure.data.elasticsearch.ElasticsearchRepositoriesAutoConfiguration did not match due to @ConditionalOnClass did not find required class 'org.springframework.data.elasticsearch.repository.ElasticsearchRepository'
05-02 18:17 TRACE o.s.b.a.condition.OnClassCondition - Condition OnClassCondition on org.springframework.boot.autoconfigure.data.elasticsearch.ReactiveElasticsearchRepositoriesAutoConfiguration did not match due to @ConditionalOnClass did not find required class 'reactor.core.publisher.Mono'
05-02 18:17 TRACE o.s.b.a.condition.OnClassCondition - Condition OnClassCondition on org.springframework.boot.autoconfigure.data.jdbc.JdbcRepositoriesAutoConfiguration did not match due to @ConditionalOnClass did not find required class 'org.springframework.data.jdbc.repository.config.AbstractJdbcConfiguration'
05-02 18:17 TRACE o.s.b.a.condition.OnClassCondition - Condition OnClassCondition on org.springframework.boot.autoconfigure.data.jpa.JpaRepositoriesAutoConfiguration did not match due to @ConditionalOnClass did not find required class 'org.springframework.data.jpa.repository.JpaRepository'
05-02 18:17 TRACE o.s.b.a.condition.OnClassCondition - Condition OnClassCondition on org.springframework.boot.autoconfigure.data.ldap.LdapRepositoriesAutoConfiguration did not match due to @ConditionalOnClass did not find required class 'org.springframework.data.ldap.repository.LdapRepository'
05-02 18:17 TRACE o.s.b.a.condition.OnClassCondition - Condition OnClassCondition on org.springframework.boot.autoconfigure.data.mongo.MongoDataAutoConfiguration did not match due to @ConditionalOnClass did not find required class 'com.mongodb.client.MongoClient'
05-02 18:17 TRACE o.s.b.a.condition.OnClassCondition - Condition OnClassCondition on org.springframework.boot.autoconfigure.data.mongo.MongoReactiveDataAutoConfiguration did not match due to @ConditionalOnClass did not find required class 'com.mongodb.reactivestreams.client.MongoClient'
05-02 18:17 TRACE o.s.b.a.condition.OnClassCondition - Condition OnClassCondition on org.springframework.boot.autoconfigure.data.mongo.MongoReactiveRepositoriesAutoConfiguration did not match due to @ConditionalOnClass did not find required class 'com.mongodb.reactivestreams.client.MongoClient'
05-02 18:17 TRACE o.s.b.a.condition.OnClassCondition - Condition OnClassCondition on org.springframework.boot.autoconfigure.data.mongo.MongoRepositoriesAutoConfiguration did not match due to @ConditionalOnClass did not find required class 'com.mongodb.client.MongoClient'
05-02 18:17 TRACE o.s.b.a.condition.OnClassCondition - Condition OnClassCondition on org.springframework.boot.autoconfigure.data.neo4j.Neo4jDataAutoConfiguration did not match due to @ConditionalOnClass did not find required class 'org.neo4j.driver.Driver'
05-02 18:17 TRACE o.s.b.a.condition.OnClassCondition - Condition OnClassCondition on org.springframework.boot.autoconfigure.data.neo4j.Neo4jReactiveDataAutoConfiguration did not match due to @ConditionalOnClass did not find required class 'org.neo4j.driver.Driver'
05-02 18:17 TRACE o.s.b.a.condition.OnClassCondition - Condition OnClassCondition on org.springframework.boot.autoconfigure.data.neo4j.Neo4jReactiveRepositoriesAutoConfiguration did not match due to @ConditionalOnClass did not find required class 'org.neo4j.driver.Driver'
05-02 18:17 TRACE o.s.b.a.condition.OnClassCondition - Condition OnClassCondition on org.springframework.boot.autoconfigure.data.neo4j.Neo4jRepositoriesAutoConfiguration did not match due to @ConditionalOnClass did not find required class 'org.neo4j.driver.Driver'
05-02 18:17 TRACE o.s.b.a.condition.OnClassCondition - Condition OnClassCondition on org.springframework.boot.autoconfigure.data.r2dbc.R2dbcDataAutoConfiguration did not match due to @ConditionalOnClass did not find required class 'org.springframework.data.r2dbc.core.R2dbcEntityTemplate'
05-02 18:17 TRACE o.s.b.a.condition.OnClassCondition - Condition OnClassCondition on org.springframework.boot.autoconfigure.data.r2dbc.R2dbcRepositoriesAutoConfiguration did not match due to @ConditionalOnClass did not find required class 'io.r2dbc.spi.ConnectionFactory'
05-02 18:17 TRACE o.s.b.a.condition.OnClassCondition - Condition OnClassCondition on org.springframework.boot.autoconfigure.data.redis.RedisAutoConfiguration did not match due to @ConditionalOnClass did not find required class 'org.springframework.data.redis.core.RedisOperations'
05-02 18:17 TRACE o.s.b.a.condition.OnClassCondition - Condition OnClassCondition on org.springframework.boot.autoconfigure.data.redis.RedisReactiveAutoConfiguration did not match due to @ConditionalOnClass did not find required class 'reactor.core.publisher.Flux'
05-02 18:17 TRACE o.s.b.a.condition.OnClassCondition - Condition OnClassCondition on org.springframework.boot.autoconfigure.data.redis.RedisRepositoriesAutoConfiguration did not match due to @ConditionalOnClass did not find required class 'org.springframework.data.redis.repository.configuration.EnableRedisRepositories'
05-02 18:17 TRACE o.s.b.a.condition.OnClassCondition - Condition OnClassCondition on org.springframework.boot.autoconfigure.data.rest.RepositoryRestMvcAutoConfiguration did not match due to @ConditionalOnClass did not find required class 'org.springframework.data.rest.webmvc.config.RepositoryRestMvcConfiguration'
05-02 18:17 TRACE o.s.b.a.condition.OnClassCondition - Condition OnClassCondition on org.springframework.boot.autoconfigure.data.web.SpringDataWebAutoConfiguration did not match due to @ConditionalOnClass did not find required class 'org.springframework.data.web.PageableHandlerMethodArgumentResolver'
05-02 18:17 TRACE o.s.b.a.condition.OnClassCondition - Condition OnClassCondition on org.springframework.boot.autoconfigure.elasticsearch.ElasticsearchClientAutoConfiguration did not match due to @ConditionalOnClass did not find required class 'co.elastic.clients.elasticsearch.ElasticsearchClient'
05-02 18:17 TRACE o.s.b.a.condition.OnClassCondition - Condition OnClassCondition on org.springframework.boot.autoconfigure.elasticsearch.ElasticsearchRestClientAutoConfiguration did not match due to @ConditionalOnClass did not find required class 'org.elasticsearch.client.RestClientBuilder'
05-02 18:17 TRACE o.s.b.a.condition.OnClassCondition - Condition OnClassCondition on org.springframework.boot.autoconfigure.elasticsearch.ReactiveElasticsearchClientAutoConfiguration did not match due to @ConditionalOnClass did not find required class 'co.elastic.clients.transport.ElasticsearchTransport'
05-02 18:17 TRACE o.s.b.a.condition.OnClassCondition - Condition OnClassCondition on org.springframework.boot.autoconfigure.flyway.FlywayAutoConfiguration did not match due to @ConditionalOnClass did not find required class 'org.flywaydb.core.Flyway'
05-02 18:17 TRACE o.s.b.a.condition.OnClassCondition - Condition OnClassCondition on org.springframework.boot.autoconfigure.freemarker.FreeMarkerAutoConfiguration did not match due to @ConditionalOnClass did not find required class 'freemarker.template.Configuration'
05-02 18:17 TRACE o.s.b.a.condition.OnClassCondition - Condition OnClassCondition on org.springframework.boot.autoconfigure.graphql.GraphQlAutoConfiguration did not match due to @ConditionalOnClass did not find required class 'graphql.GraphQL'
05-02 18:17 TRACE o.s.b.a.condition.OnClassCondition - Condition OnClassCondition on org.springframework.boot.autoconfigure.graphql.data.GraphQlQueryByExampleAutoConfiguration did not match due to @ConditionalOnClass did not find required class 'graphql.GraphQL'
05-02 18:17 TRACE o.s.b.a.condition.OnClassCondition - Condition OnClassCondition on org.springframework.boot.autoconfigure.graphql.data.GraphQlQuerydslAutoConfiguration did not match due to @ConditionalOnClass did not find required class 'com.querydsl.core.Query'
05-02 18:17 TRACE o.s.b.a.condition.OnClassCondition - Condition OnClassCondition on org.springframework.boot.autoconfigure.graphql.data.GraphQlReactiveQueryByExampleAutoConfiguration did not match due to @ConditionalOnClass did not find required class 'graphql.GraphQL'
05-02 18:17 TRACE o.s.b.a.condition.OnClassCondition - Condition OnClassCondition on org.springframework.boot.autoconfigure.graphql.data.GraphQlReactiveQuerydslAutoConfiguration did not match due to @ConditionalOnClass did not find required class 'com.querydsl.core.Query'
05-02 18:17 TRACE o.s.b.a.condition.OnClassCondition - Condition OnClassCondition on org.springframework.boot.autoconfigure.graphql.reactive.GraphQlWebFluxAutoConfiguration did not match due to @ConditionalOnClass did not find required class 'graphql.GraphQL'
05-02 18:17 TRACE o.s.b.a.condition.OnClassCondition - Condition OnClassCondition on org.springframework.boot.autoconfigure.graphql.rsocket.GraphQlRSocketAutoConfiguration did not match due to @ConditionalOnClass did not find required class 'graphql.GraphQL'
05-02 18:17 TRACE o.s.b.a.condition.OnClassCondition - Condition OnClassCondition on org.springframework.boot.autoconfigure.graphql.rsocket.RSocketGraphQlClientAutoConfiguration did not match due to @ConditionalOnClass did not find required class 'graphql.GraphQL'
05-02 18:17 TRACE o.s.b.a.condition.OnClassCondition - Condition OnClassCondition on org.springframework.boot.autoconfigure.graphql.security.GraphQlWebFluxSecurityAutoConfiguration did not match due to @ConditionalOnClass did not find required class 'graphql.GraphQL'
05-02 18:17 TRACE o.s.b.a.condition.OnClassCondition - Condition OnClassCondition on org.springframework.boot.autoconfigure.graphql.security.GraphQlWebMvcSecurityAutoConfiguration did not match due to @ConditionalOnClass did not find required class 'graphql.GraphQL'
05-02 18:17 TRACE o.s.b.a.condition.OnClassCondition - Condition OnClassCondition on org.springframework.boot.autoconfigure.graphql.servlet.GraphQlWebMvcAutoConfiguration did not match due to @ConditionalOnClass did not find required class 'graphql.GraphQL'
05-02 18:17 TRACE o.s.b.a.condition.OnClassCondition - Condition OnClassCondition on org.springframework.boot.autoconfigure.groovy.template.GroovyTemplateAutoConfiguration did not match due to @ConditionalOnClass did not find required class 'groovy.text.markup.MarkupTemplateEngine'
05-02 18:17 TRACE o.s.b.a.condition.OnClassCondition - Condition OnClassCondition on org.springframework.boot.autoconfigure.gson.GsonAutoConfiguration did not match due to @ConditionalOnClass did not find required class 'com.google.gson.Gson'
05-02 18:17 TRACE o.s.b.a.condition.OnClassCondition - Condition OnClassCondition on org.springframework.boot.autoconfigure.h2.H2ConsoleAutoConfiguration did not match due to @ConditionalOnClass did not find required class 'org.h2.server.web.JakartaWebServlet'
05-02 18:17 TRACE o.s.b.a.condition.OnClassCondition - Condition OnClassCondition on org.springframework.boot.autoconfigure.hateoas.HypermediaAutoConfiguration did not match due to @ConditionalOnClass did not find required class 'org.springframework.hateoas.EntityModel'
05-02 18:17 TRACE o.s.b.a.condition.OnClassCondition - Condition OnClassCondition on org.springframework.boot.autoconfigure.hazelcast.HazelcastAutoConfiguration did not match due to @ConditionalOnClass did not find required class 'com.hazelcast.core.HazelcastInstance'
05-02 18:17 TRACE o.s.b.a.condition.OnClassCondition - Condition OnClassCondition on org.springframework.boot.autoconfigure.hazelcast.HazelcastJpaDependencyAutoConfiguration did not match due to @ConditionalOnClass did not find required class 'com.hazelcast.core.HazelcastInstance'
05-02 18:17 TRACE o.s.b.a.condition.OnClassCondition - Condition OnClassCondition on org.springframework.boot.autoconfigure.http.client.reactive.ClientHttpConnectorAutoConfiguration did not match due to @ConditionalOnClass did not find required class 'reactor.core.publisher.Mono'
05-02 18:17 TRACE o.s.b.a.condition.OnClassCondition - Condition OnClassCondition on org.springframework.boot.autoconfigure.http.codec.CodecsAutoConfiguration did not match due to @ConditionalOnClass did not find required class 'org.springframework.web.reactive.function.client.WebClient'
05-02 18:17 TRACE o.s.b.a.condition.OnClassCondition - Condition OnClassCondition on org.springframework.boot.autoconfigure.integration.IntegrationAutoConfiguration did not match due to @ConditionalOnClass did not find required class 'org.springframework.integration.config.EnableIntegration'
05-02 18:17 TRACE o.s.b.a.condition.OnClassCondition - Condition OnClassCondition on org.springframework.boot.autoconfigure.jdbc.DataSourceAutoConfiguration did not match due to @ConditionalOnClass did not find required class 'org.springframework.jdbc.datasource.embedded.EmbeddedDatabaseType'
05-02 18:17 TRACE o.s.b.a.condition.OnClassCondition - Condition OnClassCondition on org.springframework.boot.autoconfigure.jdbc.DataSourceTransactionManagerAutoConfiguration did not match due to @ConditionalOnClass did not find required class 'org.springframework.jdbc.core.JdbcTemplate'
05-02 18:17 TRACE o.s.b.a.condition.OnClassCondition - Condition OnClassCondition on org.springframework.boot.autoconfigure.jdbc.JdbcTemplateAutoConfiguration did not match due to @ConditionalOnClass did not find required class 'org.springframework.jdbc.core.JdbcTemplate'
05-02 18:17 TRACE o.s.b.a.condition.OnClassCondition - Condition OnClassCondition on org.springframework.boot.autoconfigure.jdbc.JndiDataSourceAutoConfiguration did not match due to @ConditionalOnClass did not find required class 'org.springframework.jdbc.datasource.embedded.EmbeddedDatabaseType'
05-02 18:17 TRACE o.s.b.a.condition.OnClassCondition - Condition OnClassCondition on org.springframework.boot.autoconfigure.jdbc.XADataSourceAutoConfiguration did not match due to @ConditionalOnClass did not find required class 'jakarta.transaction.TransactionManager'
05-02 18:17 TRACE o.s.b.a.condition.OnClassCondition - Condition OnClassCondition on org.springframework.boot.autoconfigure.jersey.JerseyAutoConfiguration did not match due to @ConditionalOnClass did not find required class 'org.glassfish.jersey.server.spring.SpringComponentProvider'
05-02 18:17 TRACE o.s.b.a.condition.OnClassCondition - Condition OnClassCondition on org.springframework.boot.autoconfigure.jms.JmsAutoConfiguration did not match due to @ConditionalOnClass did not find required class 'jakarta.jms.Message'
05-02 18:17 TRACE o.s.b.a.condition.OnClassCondition - Condition OnClassCondition on org.springframework.boot.autoconfigure.jms.JndiConnectionFactoryAutoConfiguration did not match due to @ConditionalOnClass did not find required class 'org.springframework.jms.core.JmsTemplate'
05-02 18:17 TRACE o.s.b.a.condition.OnClassCondition - Condition OnClassCondition on org.springframework.boot.autoconfigure.jms.activemq.ActiveMQAutoConfiguration did not match due to @ConditionalOnClass did not find required class 'jakarta.jms.ConnectionFactory'
05-02 18:17 TRACE o.s.b.a.condition.OnClassCondition - Condition OnClassCondition on org.springframework.boot.autoconfigure.jms.artemis.ArtemisAutoConfiguration did not match due to @ConditionalOnClass did not find required class 'jakarta.jms.ConnectionFactory'
05-02 18:17 TRACE o.s.b.a.condition.OnClassCondition - Condition OnClassCondition on org.springframework.boot.autoconfigure.jooq.JooqAutoConfiguration did not match due to @ConditionalOnClass did not find required class 'org.jooq.DSLContext'
05-02 18:17 TRACE o.s.b.a.condition.OnClassCondition - Condition OnClassCondition on org.springframework.boot.autoconfigure.jsonb.JsonbAutoConfiguration did not match due to @ConditionalOnClass did not find required class 'jakarta.json.bind.Jsonb'
05-02 18:17 TRACE o.s.b.a.condition.OnClassCondition - Condition OnClassCondition on org.springframework.boot.autoconfigure.kafka.KafkaAutoConfiguration did not match due to @ConditionalOnClass did not find required class 'org.springframework.kafka.core.KafkaTemplate'
05-02 18:17 TRACE o.s.b.a.condition.OnClassCondition - Condition OnClassCondition on org.springframework.boot.autoconfigure.ldap.LdapAutoConfiguration did not match due to @ConditionalOnClass did not find required class 'org.springframework.ldap.core.ContextSource'
05-02 18:17 TRACE o.s.b.a.condition.OnClassCondition - Condition OnClassCondition on org.springframework.boot.autoconfigure.ldap.embedded.EmbeddedLdapAutoConfiguration did not match due to @ConditionalOnClass did not find required class 'com.unboundid.ldap.listener.InMemoryDirectoryServer'
05-02 18:17 TRACE o.s.b.a.condition.OnClassCondition - Condition OnClassCondition on org.springframework.boot.autoconfigure.liquibase.LiquibaseAutoConfiguration did not match due to @ConditionalOnClass did not find required class 'liquibase.change.DatabaseChange'
05-02 18:17 TRACE o.s.b.a.condition.OnClassCondition - Condition OnClassCondition on org.springframework.boot.autoconfigure.mail.MailSenderAutoConfiguration did not match due to @ConditionalOnClass did not find required class 'jakarta.mail.internet.MimeMessage'
05-02 18:17 TRACE o.s.b.a.condition.OnClassCondition - Condition OnClassCondition on org.springframework.boot.autoconfigure.mongo.MongoAutoConfiguration did not match due to @ConditionalOnClass did not find required class 'com.mongodb.client.MongoClient'
05-02 18:17 TRACE o.s.b.a.condition.OnClassCondition - Condition OnClassCondition on org.springframework.boot.autoconfigure.mongo.MongoReactiveAutoConfiguration did not match due to @ConditionalOnClass did not find required class 'com.mongodb.reactivestreams.client.MongoClient'
05-02 18:17 TRACE o.s.b.a.condition.OnClassCondition - Condition OnClassCondition on org.springframework.boot.autoconfigure.mustache.MustacheAutoConfiguration did not match due to @ConditionalOnClass did not find required class 'com.samskivert.mustache.Mustache'
05-02 18:17 TRACE o.s.b.a.condition.OnClassCondition - Condition OnClassCondition on org.springframework.boot.autoconfigure.neo4j.Neo4jAutoConfiguration did not match due to @ConditionalOnClass did not find required class 'org.neo4j.driver.Driver'
05-02 18:17 TRACE o.s.b.a.condition.OnClassCondition - Condition OnClassCondition on org.springframework.boot.autoconfigure.netty.NettyAutoConfiguration did not match due to @ConditionalOnClass did not find required class 'io.netty.util.NettyRuntime'
05-02 18:17 TRACE o.s.b.a.condition.OnClassCondition - Condition OnClassCondition on org.springframework.boot.autoconfigure.orm.jpa.HibernateJpaAutoConfiguration did not match due to @ConditionalOnClass did not find required class 'jakarta.persistence.EntityManager'
05-02 18:17 TRACE o.s.b.a.condition.OnClassCondition - Condition OnClassCondition on org.springframework.boot.autoconfigure.pulsar.PulsarAutoConfiguration did not match due to @ConditionalOnClass did not find required class 'org.apache.pulsar.client.api.PulsarClient'
05-02 18:17 TRACE o.s.b.a.condition.OnClassCondition - Condition OnClassCondition on org.springframework.boot.autoconfigure.pulsar.PulsarReactiveAutoConfiguration did not match due to @ConditionalOnClass did not find required class 'org.apache.pulsar.client.api.PulsarClient'
05-02 18:17 TRACE o.s.b.a.condition.OnClassCondition - Condition OnClassCondition on org.springframework.boot.autoconfigure.quartz.QuartzAutoConfiguration did not match due to @ConditionalOnClass did not find required class 'org.quartz.Scheduler'
05-02 18:17 TRACE o.s.b.a.condition.OnClassCondition - Condition OnClassCondition on org.springframework.boot.autoconfigure.r2dbc.R2dbcAutoConfiguration did not match due to @ConditionalOnClass did not find required class 'io.r2dbc.spi.ConnectionFactory'
05-02 18:17 TRACE o.s.b.a.condition.OnClassCondition - Condition OnClassCondition on org.springframework.boot.autoconfigure.r2dbc.R2dbcProxyAutoConfiguration did not match due to @ConditionalOnClass did not find required class 'io.r2dbc.proxy.ProxyConnectionFactory'
05-02 18:17 TRACE o.s.b.a.condition.OnClassCondition - Condition OnClassCondition on org.springframework.boot.autoconfigure.r2dbc.R2dbcTransactionManagerAutoConfiguration did not match due to @ConditionalOnClass did not find required class 'org.springframework.r2dbc.connection.R2dbcTransactionManager'
05-02 18:17 TRACE o.s.b.a.condition.OnClassCondition - Condition OnClassCondition on org.springframework.boot.autoconfigure.reactor.ReactorAutoConfiguration did not match due to @ConditionalOnClass did not find required class 'reactor.core.publisher.Hooks'
05-02 18:17 TRACE o.s.b.a.condition.OnClassCondition - Condition OnClassCondition on org.springframework.boot.autoconfigure.rsocket.RSocketMessagingAutoConfiguration did not match due to @ConditionalOnClass did not find required class 'io.rsocket.RSocket'
05-02 18:17 TRACE o.s.b.a.condition.OnClassCondition - Condition OnClassCondition on org.springframework.boot.autoconfigure.rsocket.RSocketRequesterAutoConfiguration did not match due to @ConditionalOnClass did not find required class 'io.rsocket.RSocket'
05-02 18:17 TRACE o.s.b.a.condition.OnClassCondition - Condition OnClassCondition on org.springframework.boot.autoconfigure.rsocket.RSocketServerAutoConfiguration did not match due to @ConditionalOnClass did not find required class 'io.rsocket.core.RSocketServer'
05-02 18:17 TRACE o.s.b.a.condition.OnClassCondition - Condition OnClassCondition on org.springframework.boot.autoconfigure.rsocket.RSocketStrategiesAutoConfiguration did not match due to @ConditionalOnClass did not find required class 'io.netty.buffer.PooledByteBufAllocator'
05-02 18:17 TRACE o.s.b.a.condition.OnClassCondition - Condition OnClassCondition on org.springframework.boot.autoconfigure.security.oauth2.client.OAuth2ClientAutoConfiguration did not match due to @ConditionalOnClass did not find required class 'org.springframework.security.oauth2.client.registration.ClientRegistration'
05-02 18:17 TRACE o.s.b.a.condition.OnClassCondition - Condition OnClassCondition on org.springframework.boot.autoconfigure.security.oauth2.client.reactive.ReactiveOAuth2ClientAutoConfiguration did not match due to @ConditionalOnClass did not find required class 'reactor.core.publisher.Flux'
05-02 18:17 TRACE o.s.b.a.condition.OnClassCondition - Condition OnClassCondition on org.springframework.boot.autoconfigure.security.oauth2.client.reactive.ReactiveOAuth2ClientWebSecurityAutoConfiguration did not match due to @ConditionalOnClass did not find required class 'reactor.core.publisher.Flux'
05-02 18:17 TRACE o.s.b.a.condition.OnClassCondition - Condition OnClassCondition on org.springframework.boot.autoconfigure.security.oauth2.client.servlet.OAuth2ClientWebSecurityAutoConfiguration did not match due to @ConditionalOnClass did not find required class 'org.springframework.security.config.annotation.web.configuration.EnableWebSecurity'
05-02 18:17 TRACE o.s.b.a.condition.OnClassCondition - Condition OnClassCondition on org.springframework.boot.autoconfigure.security.oauth2.resource.reactive.ReactiveOAuth2ResourceServerAutoConfiguration did not match due to @ConditionalOnClass did not find required class 'org.springframework.security.config.annotation.web.reactive.EnableWebFluxSecurity'
05-02 18:17 TRACE o.s.b.a.condition.OnClassCondition - Condition OnClassCondition on org.springframework.boot.autoconfigure.security.oauth2.resource.servlet.OAuth2ResourceServerAutoConfiguration did not match due to @ConditionalOnClass did not find required class 'org.springframework.security.oauth2.server.resource.authentication.BearerTokenAuthenticationToken'
05-02 18:17 TRACE o.s.b.a.condition.OnClassCondition - Condition OnClassCondition on org.springframework.boot.autoconfigure.security.oauth2.server.servlet.OAuth2AuthorizationServerAutoConfiguration did not match due to @ConditionalOnClass did not find required class 'org.springframework.security.oauth2.server.authorization.OAuth2Authorization'
05-02 18:17 TRACE o.s.b.a.condition.OnClassCondition - Condition OnClassCondition on org.springframework.boot.autoconfigure.security.oauth2.server.servlet.OAuth2AuthorizationServerJwtAutoConfiguration did not match due to @ConditionalOnClass did not find required class 'com.nimbusds.jose.jwk.source.JWKSource'
05-02 18:17 TRACE o.s.b.a.condition.OnClassCondition - Condition OnClassCondition on org.springframework.boot.autoconfigure.security.reactive.ReactiveSecurityAutoConfiguration did not match due to @ConditionalOnClass did not find required class 'reactor.core.publisher.Flux'
05-02 18:17 TRACE o.s.b.a.condition.OnClassCondition - Condition OnClassCondition on org.springframework.boot.autoconfigure.security.reactive.ReactiveUserDetailsServiceAutoConfiguration did not match due to @ConditionalOnClass did not find required class 'org.springframework.security.authentication.ReactiveAuthenticationManager'
05-02 18:17 TRACE o.s.b.a.condition.OnClassCondition - Condition OnClassCondition on org.springframework.boot.autoconfigure.security.rsocket.RSocketSecurityAutoConfiguration did not match due to @ConditionalOnClass did not find required class 'org.springframework.security.rsocket.core.SecuritySocketAcceptorInterceptor'
05-02 18:17 TRACE o.s.b.a.condition.OnClassCondition - Condition OnClassCondition on org.springframework.boot.autoconfigure.security.saml2.Saml2RelyingPartyAutoConfiguration did not match due to @ConditionalOnClass did not find required class 'org.springframework.security.saml2.provider.service.registration.RelyingPartyRegistrationRepository'
05-02 18:17 TRACE o.s.b.a.condition.OnClassCondition - Condition OnClassCondition on org.springframework.boot.autoconfigure.security.servlet.SecurityAutoConfiguration did not match due to @ConditionalOnClass did not find required class 'org.springframework.security.authentication.DefaultAuthenticationEventPublisher'
05-02 18:17 TRACE o.s.b.a.condition.OnClassCondition - Condition OnClassCondition on org.springframework.boot.autoconfigure.security.servlet.SecurityFilterAutoConfiguration did not match due to @ConditionalOnClass did not find required class 'org.springframework.security.config.http.SessionCreationPolicy'
05-02 18:17 TRACE o.s.b.a.condition.OnClassCondition - Condition OnClassCondition on org.springframework.boot.autoconfigure.security.servlet.UserDetailsServiceAutoConfiguration did not match due to @ConditionalOnClass did not find required class 'org.springframework.security.authentication.AuthenticationManager'
05-02 18:17 TRACE o.s.b.a.condition.OnClassCondition - Condition OnClassCondition on org.springframework.boot.autoconfigure.sendgrid.SendGridAutoConfiguration did not match due to @ConditionalOnClass did not find required class 'com.sendgrid.SendGrid'
05-02 18:17 TRACE o.s.b.a.condition.OnClassCondition - Condition OnClassCondition on org.springframework.boot.autoconfigure.session.SessionAutoConfiguration did not match due to @ConditionalOnClass did not find required class 'org.springframework.session.Session'
05-02 18:17 TRACE o.s.b.a.condition.OnClassCondition - Condition OnClassCondition on org.springframework.boot.autoconfigure.transaction.TransactionAutoConfiguration did not match due to @ConditionalOnClass did not find required class 'org.springframework.transaction.PlatformTransactionManager'
05-02 18:17 TRACE o.s.b.a.condition.OnClassCondition - Condition OnClassCondition on org.springframework.boot.autoconfigure.transaction.TransactionManagerCustomizationAutoConfiguration did not match due to @ConditionalOnClass did not find required class 'org.springframework.transaction.PlatformTransactionManager'
05-02 18:17 TRACE o.s.b.a.condition.OnClassCondition - Condition OnClassCondition on org.springframework.boot.autoconfigure.transaction.jta.JtaAutoConfiguration did not match due to @ConditionalOnClass did not find required class 'jakarta.transaction.Transaction'
05-02 18:17 TRACE o.s.b.a.condition.OnClassCondition - Condition OnClassCondition on org.springframework.boot.autoconfigure.validation.ValidationAutoConfiguration did not match due to @ConditionalOnClass did not find required class 'jakarta.validation.executable.ExecutableValidator'
05-02 18:17 TRACE o.s.b.a.condition.OnClassCondition - Condition OnClassCondition on org.springframework.boot.autoconfigure.web.reactive.HttpHandlerAutoConfiguration did not match due to @ConditionalOnClass did not find required class 'org.springframework.web.reactive.DispatcherHandler'
05-02 18:17 TRACE o.s.b.a.condition.OnClassCondition - Condition OnClassCondition on org.springframework.boot.autoconfigure.web.reactive.ReactiveMultipartAutoConfiguration did not match due to @ConditionalOnClass did not find required class 'org.springframework.web.reactive.config.WebFluxConfigurer'
05-02 18:17 TRACE o.s.b.a.condition.OnClassCondition - Condition OnClassCondition on org.springframework.boot.autoconfigure.web.reactive.WebFluxAutoConfiguration did not match due to @ConditionalOnClass did not find required class 'org.springframework.web.reactive.config.WebFluxConfigurer'
05-02 18:17 TRACE o.s.b.a.condition.OnClassCondition - Condition OnClassCondition on org.springframework.boot.autoconfigure.web.reactive.WebSessionIdResolverAutoConfiguration did not match due to @ConditionalOnClass did not find required class 'reactor.core.publisher.Mono'
05-02 18:17 TRACE o.s.b.a.condition.OnClassCondition - Condition OnClassCondition on org.springframework.boot.autoconfigure.web.reactive.error.ErrorWebFluxAutoConfiguration did not match due to @ConditionalOnClass did not find required class 'org.springframework.web.reactive.config.WebFluxConfigurer'
05-02 18:17 TRACE o.s.b.a.condition.OnClassCondition - Condition OnClassCondition on org.springframework.boot.autoconfigure.web.reactive.function.client.ClientHttpConnectorAutoConfiguration did not match due to @ConditionalOnClass did not find required class 'org.springframework.web.reactive.function.client.WebClient'
05-02 18:17 TRACE o.s.b.a.condition.OnClassCondition - Condition OnClassCondition on org.springframework.boot.autoconfigure.web.reactive.function.client.WebClientAutoConfiguration did not match due to @ConditionalOnClass did not find required class 'org.springframework.web.reactive.function.client.WebClient'
05-02 18:17 TRACE o.s.b.a.condition.OnClassCondition - Condition OnClassCondition on org.springframework.boot.autoconfigure.webservices.WebServicesAutoConfiguration did not match due to @ConditionalOnClass did not find required class 'org.springframework.ws.transport.http.MessageDispatcherServlet'
05-02 18:17 TRACE o.s.b.a.condition.OnClassCondition - Condition OnClassCondition on org.springframework.boot.autoconfigure.webservices.client.WebServiceTemplateAutoConfiguration did not match due to @ConditionalOnClass did not find required class 'org.springframework.oxm.Marshaller'
05-02 18:17 TRACE o.s.b.a.condition.OnClassCondition - Condition OnClassCondition on org.springframework.boot.autoconfigure.websocket.servlet.WebSocketMessagingAutoConfiguration did not match due to @ConditionalOnClass did not find required class 'org.springframework.web.socket.config.annotation.WebSocketMessageBrokerConfigurer'
05-02 18:17 TRACE o.s.b.f.s.DefaultListableBeanFactory - Returning cached instance of singleton bean 'autoConfigurationReport'
05-02 18:17 TRACE o.s.b.a.c.OnWebApplicationCondition - Condition OnWebApplicationCondition on org.springframework.boot.autoconfigure.web.reactive.ReactiveWebServerFactoryAutoConfiguration did not match due to @ConditionalOnWebApplication did not find reactive web application classes
05-02 18:17 TRACE o.s.b.a.c.OnWebApplicationCondition - Condition OnWebApplicationCondition on org.springframework.boot.autoconfigure.websocket.reactive.WebSocketReactiveAutoConfiguration did not match due to @ConditionalOnWebApplication did not find reactive web application classes
05-02 18:17 TRACE o.s.b.f.s.DefaultListableBeanFactory - Returning cached instance of singleton bean 'autoConfigurationReport'
05-02 18:17 TRACE o.s.b.a.condition.OnBeanCondition - Condition OnBeanCondition on org.springframework.boot.autoconfigure.jdbc.JdbcClientAutoConfiguration did not match due to @ConditionalOnSingleCandidate did not find required type 'org.springframework.jdbc.core.namedparam.NamedParameterJdbcTemplate'
05-02 18:17 TRACE o.s.b.a.condition.OnBeanCondition - Condition OnBeanCondition on org.springframework.boot.autoconfigure.mail.MailSenderValidatorAutoConfiguration did not match due to @ConditionalOnSingleCandidate did not find required type 'org.springframework.mail.javamail.JavaMailSenderImpl'
05-02 18:17 TRACE o.s.b.a.AutoConfigurationImportSelector - Filtered 129 auto configuration class in 63 ms
05-02 18:17 TRACE o.s.c.i.s.SpringFactoriesLoader - Loaded [org.springframework.boot.autoconfigure.AutoConfigurationImportListener] names: [org.springframework.boot.autoconfigure.condition.ConditionEvaluationReportAutoConfigurationImportListener]
05-02 18:17 TRACE o.s.b.f.s.DefaultListableBeanFactory - Returning cached instance of singleton bean 'autoConfigurationReport'
05-02 18:17 TRACE o.s.b.f.s.DefaultListableBeanFactory - Returning cached instance of singleton bean 'org.springframework.boot.autoconfigure.internalCachingMetadataReaderFactory'
05-02 18:17 TRACE o.s.b.f.s.DefaultListableBeanFactory - Returning cached instance of singleton bean 'autoConfigurationReport'
05-02 18:17 TRACE o.s.b.f.s.DefaultListableBeanFactory - Returning cached instance of singleton bean 'autoConfigurationReport'
05-02 18:17 TRACE o.s.b.f.s.DefaultListableBeanFactory - Returning cached instance of singleton bean 'autoConfigurationReport'
05-02 18:17 TRACE o.s.b.f.s.DefaultListableBeanFactory - Returning cached instance of singleton bean 'autoConfigurationReport'
05-02 18:17 TRACE o.s.b.f.s.DefaultListableBeanFactory - Returning cached instance of singleton bean 'autoConfigurationReport'
05-02 18:17 TRACE o.s.b.f.s.DefaultListableBeanFactory - Returning cached instance of singleton bean 'autoConfigurationReport'
05-02 18:17 TRACE o.s.c.i.s.PathMatchingResourcePatternResolver - Resolved module-path location pattern [messages.properties] to resources []
05-02 18:17 TRACE o.s.c.i.s.PathMatchingResourcePatternResolver - Resolved class path location [messages.properties] to resources [file [C:\Users\allan\Documents\practica\Practica01\target\classes\messages.properties]]
05-02 18:17 TRACE o.s.b.a.c.MessageSourceAutoConfiguration$ResourceBundleCondition - Condition MessageSourceAutoConfiguration.ResourceBundleCondition on org.springframework.boot.autoconfigure.context.MessageSourceAutoConfiguration matched due to ResourceBundle found bundle file [C:\Users\allan\Documents\practica\Practica01\target\classes\messages.properties]
05-02 18:17 TRACE o.s.b.f.s.DefaultListableBeanFactory - Returning cached instance of singleton bean 'autoConfigurationReport'
05-02 18:17 TRACE o.s.b.f.s.DefaultListableBeanFactory - Returning cached instance of singleton bean 'autoConfigurationReport'
05-02 18:17 TRACE o.s.b.f.s.DefaultListableBeanFactory - Returning cached instance of singleton bean 'autoConfigurationReport'
05-02 18:17 TRACE o.s.b.f.s.DefaultListableBeanFactory - Returning cached instance of singleton bean 'autoConfigurationReport'
05-02 18:17 TRACE o.s.b.f.s.DefaultListableBeanFactory - Returning cached instance of singleton bean 'autoConfigurationReport'
05-02 18:17 TRACE o.s.b.f.s.DefaultListableBeanFactory - Returning cached instance of singleton bean 'autoConfigurationReport'
05-02 18:17 TRACE o.s.b.f.s.DefaultListableBeanFactory - Returning cached instance of singleton bean 'autoConfigurationReport'
05-02 18:17 TRACE o.s.b.f.s.DefaultListableBeanFactory - Returning cached instance of singleton bean 'autoConfigurationReport'
05-02 18:17 TRACE o.s.b.f.s.DefaultListableBeanFactory - Returning cached instance of singleton bean 'autoConfigurationReport'
05-02 18:17 TRACE o.s.b.f.s.DefaultListableBeanFactory - Returning cached instance of singleton bean 'autoConfigurationReport'
05-02 18:17 TRACE o.s.b.f.s.DefaultListableBeanFactory - Returning cached instance of singleton bean 'autoConfigurationReport'
05-02 18:17 TRACE o.s.b.f.s.DefaultListableBeanFactory - Returning cached instance of singleton bean 'autoConfigurationReport'
05-02 18:17 TRACE o.s.b.f.s.DefaultListableBeanFactory - Returning cached instance of singleton bean 'autoConfigurationReport'
05-02 18:17 TRACE o.s.b.f.s.DefaultListableBeanFactory - Returning cached instance of singleton bean 'autoConfigurationReport'
05-02 18:17 TRACE o.s.b.f.s.DefaultListableBeanFactory - Returning cached instance of singleton bean 'autoConfigurationReport'
05-02 18:17 TRACE o.s.b.f.s.DefaultListableBeanFactory - Returning cached instance of singleton bean 'autoConfigurationReport'
05-02 18:17 TRACE o.s.b.f.s.DefaultListableBeanFactory - Returning cached instance of singleton bean 'autoConfigurationReport'
05-02 18:17 TRACE o.s.b.f.s.DefaultListableBeanFactory - Returning cached instance of singleton bean 'autoConfigurationReport'
05-02 18:17 TRACE o.s.b.f.s.DefaultListableBeanFactory - Returning cached instance of singleton bean 'autoConfigurationReport'
05-02 18:17 TRACE o.s.b.f.s.DefaultListableBeanFactory - Returning cached instance of singleton bean 'autoConfigurationReport'
05-02 18:17 TRACE o.s.b.f.s.DefaultListableBeanFactory - Returning cached instance of singleton bean 'autoConfigurationReport'
05-02 18:17 TRACE o.s.b.f.s.DefaultListableBeanFactory - Returning cached instance of singleton bean 'autoConfigurationReport'
05-02 18:17 TRACE o.s.b.f.s.DefaultListableBeanFactory - Returning cached instance of singleton bean 'autoConfigurationReport'
05-02 18:17 TRACE o.s.b.f.s.DefaultListableBeanFactory - Returning cached instance of singleton bean 'autoConfigurationReport'
05-02 18:17 TRACE o.s.b.f.s.DefaultListableBeanFactory - Returning cached instance of singleton bean 'autoConfigurationReport'
05-02 18:17 TRACE o.s.b.f.s.DefaultListableBeanFactory - Returning cached instance of singleton bean 'autoConfigurationReport'
05-02 18:17 TRACE o.s.b.f.s.DefaultListableBeanFactory - Returning cached instance of singleton bean 'autoConfigurationReport'
05-02 18:17 TRACE o.s.b.f.s.DefaultListableBeanFactory - Returning cached instance of singleton bean 'autoConfigurationReport'
05-02 18:17 TRACE o.s.b.a.condition.OnClassCondition - Condition OnClassCondition on org.springframework.boot.autoconfigure.websocket.servlet.WebSocketServletAutoConfiguration matched due to @ConditionalOnClass found required classes 'jakarta.servlet.Servlet', 'jakarta.websocket.server.ServerContainer'
05-02 18:17 TRACE o.s.b.f.s.DefaultListableBeanFactory - Returning cached instance of singleton bean 'autoConfigurationReport'
05-02 18:17 TRACE o.s.b.a.c.OnWebApplicationCondition - Condition OnWebApplicationCondition on org.springframework.boot.autoconfigure.websocket.servlet.WebSocketServletAutoConfiguration matched due to found 'session' scope
05-02 18:17 TRACE o.s.b.f.s.DefaultListableBeanFactory - Returning cached instance of singleton bean 'autoConfigurationReport'
05-02 18:17 TRACE o.s.b.f.s.DefaultListableBeanFactory - Returning cached instance of singleton bean 'autoConfigurationReport'
05-02 18:17 TRACE o.s.b.f.s.DefaultListableBeanFactory - Returning cached instance of singleton bean 'autoConfigurationReport'
05-02 18:17 TRACE o.s.b.f.s.DefaultListableBeanFactory - Returning cached instance of singleton bean 'autoConfigurationReport'
05-02 18:17 TRACE o.s.b.a.condition.OnClassCondition - Condition OnClassCondition on org.springframework.boot.autoconfigure.websocket.servlet.WebSocketServletAutoConfiguration$UndertowWebSocketConfiguration did not match due to @ConditionalOnClass did not find required class 'io.undertow.websockets.jsr.Bootstrap'
05-02 18:17 TRACE o.s.b.f.s.DefaultListableBeanFactory - Returning cached instance of singleton bean 'autoConfigurationReport'
05-02 18:17 TRACE o.s.b.a.condition.OnClassCondition - Condition OnClassCondition on org.springframework.boot.autoconfigure.websocket.servlet.WebSocketServletAutoConfiguration$JettyWebSocketConfiguration did not match due to @ConditionalOnClass did not find required class 'org.eclipse.jetty.ee10.websocket.jakarta.server.config.JakartaWebSocketServletContainerInitializer'
05-02 18:17 TRACE o.s.b.f.s.DefaultListableBeanFactory - Returning cached instance of singleton bean 'autoConfigurationReport'
05-02 18:17 TRACE o.s.b.a.condition.OnClassCondition - Condition OnClassCondition on org.springframework.boot.autoconfigure.websocket.servlet.WebSocketServletAutoConfiguration$TomcatWebSocketConfiguration matched due to @ConditionalOnClass found required classes 'org.apache.catalina.startup.Tomcat', 'org.apache.tomcat.websocket.server.WsSci'
05-02 18:17 TRACE o.s.b.f.s.DefaultListableBeanFactory - Returning cached instance of singleton bean 'autoConfigurationReport'
05-02 18:17 TRACE o.s.b.f.s.DefaultListableBeanFactory - Returning cached instance of singleton bean 'autoConfigurationReport'
05-02 18:17 TRACE o.s.b.f.s.DefaultListableBeanFactory - Returning cached instance of singleton bean 'autoConfigurationReport'
05-02 18:17 TRACE o.s.b.f.s.DefaultListableBeanFactory - Returning cached instance of singleton bean 'autoConfigurationReport'
05-02 18:17 TRACE o.s.b.f.s.DefaultListableBeanFactory - Returning cached instance of singleton bean 'autoConfigurationReport'
05-02 18:17 TRACE o.s.b.f.s.DefaultListableBeanFactory - Returning cached instance of singleton bean 'autoConfigurationReport'
05-02 18:17 TRACE o.s.b.f.s.DefaultListableBeanFactory - Returning cached instance of singleton bean 'autoConfigurationReport'
05-02 18:17 TRACE o.s.b.f.s.DefaultListableBeanFactory - Returning cached instance of singleton bean 'autoConfigurationReport'
05-02 18:17 TRACE o.s.b.f.s.DefaultListableBeanFactory - Returning cached instance of singleton bean 'autoConfigurationReport'
05-02 18:17 TRACE o.s.b.f.s.DefaultListableBeanFactory - Returning cached instance of singleton bean 'autoConfigurationReport'
05-02 18:17 TRACE o.s.b.a.condition.OnClassCondition - Condition OnClassCondition on org.springframework.boot.autoconfigure.web.servlet.ServletWebServerFactoryAutoConfiguration matched due to @ConditionalOnClass found required class 'jakarta.servlet.ServletRequest'
05-02 18:17 TRACE o.s.b.f.s.DefaultListableBeanFactory - Returning cached instance of singleton bean 'autoConfigurationReport'
05-02 18:17 TRACE o.s.b.a.c.OnWebApplicationCondition - Condition OnWebApplicationCondition on org.springframework.boot.autoconfigure.web.servlet.ServletWebServerFactoryAutoConfiguration matched due to found 'session' scope
05-02 18:17 TRACE o.s.b.f.s.DefaultListableBeanFactory - Returning cached instance of singleton bean 'autoConfigurationReport'
05-02 18:17 TRACE o.s.b.f.s.DefaultListableBeanFactory - Returning cached instance of singleton bean 'autoConfigurationReport'
05-02 18:17 TRACE o.s.b.f.s.DefaultListableBeanFactory - Returning cached instance of singleton bean 'autoConfigurationReport'
05-02 18:17 TRACE o.s.b.f.s.DefaultListableBeanFactory - Returning cached instance of singleton bean 'autoConfigurationReport'
05-02 18:17 TRACE o.s.b.a.c.OnPropertyCondition - Condition OnPropertyCondition on org.springframework.boot.autoconfigure.web.servlet.ServletWebServerFactoryAutoConfiguration$ForwardedHeaderFilterConfiguration did not match due to @ConditionalOnProperty (server.forward-headers-strategy=framework) did not find property 'server.forward-headers-strategy'
05-02 18:17 TRACE o.s.b.f.s.DefaultListableBeanFactory - Returning cached instance of singleton bean 'autoConfigurationReport'
05-02 18:17 TRACE o.s.b.a.condition.OnClassCondition - Condition OnClassCondition on org.springframework.boot.autoconfigure.web.servlet.ServletWebServerFactoryAutoConfiguration$TomcatConfiguration matched due to @ConditionalOnClass found required class 'org.apache.catalina.startup.Tomcat'
05-02 18:17 TRACE o.s.b.f.s.DefaultListableBeanFactory - Returning cached instance of singleton bean 'autoConfigurationReport'
05-02 18:17 TRACE o.s.b.f.s.DefaultListableBeanFactory - Returning cached instance of singleton bean 'autoConfigurationReport'
05-02 18:17 TRACE o.s.b.f.s.DefaultListableBeanFactory - Returning cached instance of singleton bean 'autoConfigurationReport'
05-02 18:17 TRACE o.s.b.f.s.DefaultListableBeanFactory - Returning cached instance of singleton bean 'autoConfigurationReport'
05-02 18:17 TRACE o.s.b.a.condition.OnClassCondition - Condition OnClassCondition on org.springframework.boot.autoconfigure.web.servlet.ServletWebServerFactoryConfiguration$EmbeddedTomcat matched due to @ConditionalOnClass found required classes 'jakarta.servlet.Servlet', 'org.apache.catalina.startup.Tomcat', 'org.apache.coyote.UpgradeProtocol'
05-02 18:17 TRACE o.s.b.f.s.DefaultListableBeanFactory - Returning cached instance of singleton bean 'autoConfigurationReport'
05-02 18:17 TRACE o.s.b.f.s.DefaultListableBeanFactory - Returning cached instance of singleton bean 'autoConfigurationReport'
05-02 18:17 TRACE o.s.b.f.s.DefaultListableBeanFactory - Returning cached instance of singleton bean 'autoConfigurationReport'
05-02 18:17 TRACE o.s.b.f.s.DefaultListableBeanFactory - Returning cached instance of singleton bean 'autoConfigurationReport'
05-02 18:17 TRACE o.s.b.a.condition.OnClassCondition - Condition OnClassCondition on org.springframework.boot.autoconfigure.web.servlet.ServletWebServerFactoryConfiguration$EmbeddedJetty did not match due to @ConditionalOnClass did not find required classes 'org.eclipse.jetty.server.Server', 'org.eclipse.jetty.util.Loader', 'org.eclipse.jetty.ee10.webapp.WebAppContext'
05-02 18:17 TRACE o.s.b.f.s.DefaultListableBeanFactory - Returning cached instance of singleton bean 'autoConfigurationReport'
05-02 18:17 TRACE o.s.b.a.condition.OnClassCondition - Condition OnClassCondition on org.springframework.boot.autoconfigure.web.servlet.ServletWebServerFactoryConfiguration$EmbeddedUndertow did not match due to @ConditionalOnClass did not find required classes 'io.undertow.Undertow', 'org.xnio.SslClientAuthMode'
05-02 18:17 TRACE o.s.b.f.s.DefaultListableBeanFactory - Returning cached instance of singleton bean 'autoConfigurationReport'
05-02 18:17 TRACE o.s.b.f.s.DefaultListableBeanFactory - Returning cached instance of singleton bean 'autoConfigurationReport'
05-02 18:17 TRACE o.s.b.f.s.DefaultListableBeanFactory - Returning cached instance of singleton bean 'autoConfigurationReport'
05-02 18:17 TRACE o.s.b.f.s.DefaultListableBeanFactory - Returning cached instance of singleton bean 'autoConfigurationReport'
05-02 18:17 TRACE o.s.b.f.s.DefaultListableBeanFactory - Returning cached instance of singleton bean 'autoConfigurationReport'
05-02 18:17 TRACE o.s.b.f.s.DefaultListableBeanFactory - Returning cached instance of singleton bean 'autoConfigurationReport'
05-02 18:17 TRACE o.s.b.f.s.DefaultListableBeanFactory - Returning cached instance of singleton bean 'autoConfigurationReport'
05-02 18:17 TRACE o.s.b.a.condition.OnClassCondition - Condition OnClassCondition on org.springframework.boot.autoconfigure.web.servlet.DispatcherServletAutoConfiguration matched due to @ConditionalOnClass found required class 'org.springframework.web.servlet.DispatcherServlet'
05-02 18:17 TRACE o.s.b.f.s.DefaultListableBeanFactory - Returning cached instance of singleton bean 'autoConfigurationReport'
05-02 18:17 TRACE o.s.b.a.c.OnWebApplicationCondition - Condition OnWebApplicationCondition on org.springframework.boot.autoconfigure.web.servlet.DispatcherServletAutoConfiguration matched due to found 'session' scope
05-02 18:17 TRACE o.s.b.f.s.DefaultListableBeanFactory - Returning cached instance of singleton bean 'autoConfigurationReport'
05-02 18:17 TRACE o.s.b.f.s.DefaultListableBeanFactory - Returning cached instance of singleton bean 'autoConfigurationReport'
05-02 18:17 TRACE o.s.b.f.s.DefaultListableBeanFactory - Returning cached instance of singleton bean 'autoConfigurationReport'
05-02 18:17 TRACE o.s.b.f.s.DefaultListableBeanFactory - Returning cached instance of singleton bean 'autoConfigurationReport'
05-02 18:17 TRACE o.s.b.a.condition.OnClassCondition - Condition OnClassCondition on org.springframework.boot.autoconfigure.web.servlet.DispatcherServletAutoConfiguration$DispatcherServletRegistrationConfiguration matched due to @ConditionalOnClass found required class 'jakarta.servlet.ServletRegistration'
05-02 18:17 TRACE o.s.b.f.s.DefaultListableBeanFactory - Returning cached instance of singleton bean 'autoConfigurationReport'
05-02 18:17 TRACE o.s.b.a.w.s.DispatcherServletAutoConfiguration$DispatcherServletRegistrationCondition - Condition DispatcherServletAutoConfiguration.DispatcherServletRegistrationCondition on org.springframework.boot.autoconfigure.web.servlet.DispatcherServletAutoConfiguration$DispatcherServletRegistrationConfiguration matched due to DispatcherServlet Registration did not find servlet registration bean
05-02 18:17 TRACE o.s.b.f.s.DefaultListableBeanFactory - Returning cached instance of singleton bean 'autoConfigurationReport'
05-02 18:17 TRACE o.s.b.f.s.DefaultListableBeanFactory - Returning cached instance of singleton bean 'autoConfigurationReport'
05-02 18:17 TRACE o.s.b.f.s.DefaultListableBeanFactory - Returning cached instance of singleton bean 'autoConfigurationReport'
05-02 18:17 TRACE o.s.b.f.s.DefaultListableBeanFactory - Returning cached instance of singleton bean 'autoConfigurationReport'
05-02 18:17 TRACE o.s.b.a.condition.OnClassCondition - Condition OnClassCondition on org.springframework.boot.autoconfigure.web.servlet.DispatcherServletAutoConfiguration$DispatcherServletConfiguration matched due to @ConditionalOnClass found required class 'jakarta.servlet.ServletRegistration'
05-02 18:17 TRACE o.s.b.f.s.DefaultListableBeanFactory - Returning cached instance of singleton bean 'autoConfigurationReport'
05-02 18:17 TRACE o.s.b.a.w.s.DispatcherServletAutoConfiguration$DefaultDispatcherServletCondition - Condition DispatcherServletAutoConfiguration.DefaultDispatcherServletCondition on org.springframework.boot.autoconfigure.web.servlet.DispatcherServletAutoConfiguration$DispatcherServletConfiguration matched due to Default DispatcherServlet did not find dispatcher servlet beans
05-02 18:17 TRACE o.s.b.f.s.DefaultListableBeanFactory - Returning cached instance of singleton bean 'autoConfigurationReport'
05-02 18:17 TRACE o.s.b.f.s.DefaultListableBeanFactory - Returning cached instance of singleton bean 'autoConfigurationReport'
05-02 18:17 TRACE o.s.b.f.s.DefaultListableBeanFactory - Returning cached instance of singleton bean 'autoConfigurationReport'
05-02 18:17 TRACE o.s.b.f.s.DefaultListableBeanFactory - Returning cached instance of singleton bean 'autoConfigurationReport'
05-02 18:17 TRACE o.s.b.a.condition.OnClassCondition - Condition OnClassCondition on org.springframework.boot.autoconfigure.web.servlet.DispatcherServletAutoConfiguration$DispatcherServletConfiguration matched due to @ConditionalOnClass found required class 'jakarta.servlet.ServletRegistration'
05-02 18:17 TRACE o.s.b.f.s.DefaultListableBeanFactory - Returning cached instance of singleton bean 'autoConfigurationReport'
05-02 18:17 TRACE o.s.b.a.w.s.DispatcherServletAutoConfiguration$DefaultDispatcherServletCondition - Condition DispatcherServletAutoConfiguration.DefaultDispatcherServletCondition on org.springframework.boot.autoconfigure.web.servlet.DispatcherServletAutoConfiguration$DispatcherServletConfiguration matched due to Default DispatcherServlet did not find dispatcher servlet beans
05-02 18:17 TRACE o.s.b.f.s.DefaultListableBeanFactory - Returning cached instance of singleton bean 'autoConfigurationReport'
05-02 18:17 TRACE o.s.b.f.s.DefaultListableBeanFactory - Returning cached instance of singleton bean 'autoConfigurationReport'
05-02 18:17 TRACE o.s.b.f.s.DefaultListableBeanFactory - Returning cached instance of singleton bean 'autoConfigurationReport'
05-02 18:17 TRACE o.s.b.f.s.DefaultListableBeanFactory - Returning cached instance of singleton bean 'autoConfigurationReport'
05-02 18:17 TRACE o.s.b.f.s.DefaultListableBeanFactory - Returning cached instance of singleton bean 'autoConfigurationReport'
05-02 18:17 TRACE o.s.b.f.s.DefaultListableBeanFactory - Returning cached instance of singleton bean 'autoConfigurationReport'
[...]
05-02 18:17 TRACE o.s.b.f.s.DefaultListableBeanFactory - Returning cached instance of singleton bean 'formContentFilter'
05-02 18:17 TRACE o.s.b.f.s.DefaultListableBeanFactory - Returning cached instance of singleton bean 'org.springframework.boot.autoconfigure.aop.AopAutoConfiguration$ClassProxyingConfiguration'
05-02 18:17 TRACE o.s.b.f.s.DefaultListableBeanFactory - Returning cached instance of singleton bean 'forceAutoProxyCreatorToUseClassProxying'
05-02 18:17 TRACE o.s.b.f.s.DefaultListableBeanFactory - Returning cached instance of singleton bean 'org.springframework.boot.autoconfigure.aop.AopAutoConfiguration'
05-02 18:17 TRACE o.s.b.f.s.DefaultListableBeanFactory - Returning cached instance of singleton bean 'org.springframework.boot.autoconfigure.availability.ApplicationAvailabilityAutoConfiguration'
05-02 18:17 TRACE o.s.b.f.s.DefaultListableBeanFactory - Returning cached instance of singleton bean 'applicationAvailability'
05-02 18:17 TRACE o.s.b.f.s.DefaultListableBeanFactory - Returning cached instance of singleton bean 'org.springframework.boot.autoconfigure.jackson.JacksonAutoConfiguration$Jackson2ObjectMapperBuilderCustomizerConfiguration'
05-02 18:17 TRACE o.s.b.f.s.DefaultListableBeanFactory - Returning cached instance of singleton bean 'standardJacksonObjectMapperBuilderCustomizer'
05-02 18:17 TRACE o.s.b.f.s.DefaultListableBeanFactory - Returning cached instance of singleton bean 'spring.jackson-org.springframework.boot.autoconfigure.jackson.JacksonProperties'
05-02 18:17 TRACE o.s.b.f.s.DefaultListableBeanFactory - Returning cached instance of singleton bean 'org.springframework.boot.autoconfigure.jackson.JacksonAutoConfiguration$JacksonObjectMapperBuilderConfiguration'
05-02 18:17 TRACE o.s.b.f.s.DefaultListableBeanFactory - Returning cached instance of singleton bean 'org.springframework.boot.autoconfigure.jackson.JacksonAutoConfiguration$ParameterNamesModuleConfiguration'
05-02 18:17 TRACE o.s.b.f.s.DefaultListableBeanFactory - Returning cached instance of singleton bean 'parameterNamesModule'
05-02 18:17 TRACE o.s.b.f.s.DefaultListableBeanFactory - Returning cached instance of singleton bean 'org.springframework.boot.autoconfigure.jackson.JacksonAutoConfiguration$JacksonObjectMapperConfiguration'
05-02 18:17 TRACE o.s.b.f.s.DefaultListableBeanFactory - Returning cached instance of singleton bean 'jacksonObjectMapper'
05-02 18:17 TRACE o.s.b.f.s.DefaultListableBeanFactory - Returning cached instance of singleton bean 'org.springframework.boot.autoconfigure.jackson.JacksonAutoConfiguration$JacksonMixinConfiguration'
05-02 18:17 TRACE o.s.b.f.s.DefaultListableBeanFactory - Returning cached instance of singleton bean 'jsonMixinModuleEntries'
05-02 18:17 TRACE o.s.b.f.s.DefaultListableBeanFactory - Returning cached instance of singleton bean 'jsonMixinModule'
05-02 18:17 TRACE o.s.b.f.s.DefaultListableBeanFactory - Returning cached instance of singleton bean 'org.springframework.boot.autoconfigure.jackson.JacksonAutoConfiguration'
05-02 18:17 TRACE o.s.b.f.s.DefaultListableBeanFactory - Returning cached instance of singleton bean 'jsonComponentModule'
05-02 18:17 TRACE o.s.b.f.s.DefaultListableBeanFactory - Returning cached instance of singleton bean 'org.springframework.boot.autoconfigure.context.ConfigurationPropertiesAutoConfiguration'
05-02 18:17 TRACE o.s.b.f.s.DefaultListableBeanFactory - Returning cached instance of singleton bean 'org.springframework.boot.autoconfigure.context.LifecycleAutoConfiguration'
05-02 18:17 TRACE o.s.b.f.s.DefaultListableBeanFactory - Returning cached instance of singleton bean 'lifecycleProcessor'
05-02 18:17 TRACE o.s.b.f.s.DefaultListableBeanFactory - Returning cached instance of singleton bean 'spring.lifecycle-org.springframework.boot.autoconfigure.context.LifecycleProperties'
05-02 18:17 TRACE o.s.b.f.s.DefaultListableBeanFactory - Returning cached instance of singleton bean 'org.springframework.boot.autoconfigure.http.HttpMessageConvertersAutoConfiguration$StringHttpMessageConverterConfiguration'
05-02 18:17 TRACE o.s.b.f.s.DefaultListableBeanFactory - Returning cached instance of singleton bean 'stringHttpMessageConverter'
05-02 18:17 TRACE o.s.b.f.s.DefaultListableBeanFactory - Returning cached instance of singleton bean 'org.springframework.boot.autoconfigure.http.JacksonHttpMessageConvertersConfiguration$MappingJackson2HttpMessageConverterConfiguration'
05-02 18:17 TRACE o.s.b.f.s.DefaultListableBeanFactory - Returning cached instance of singleton bean 'mappingJackson2HttpMessageConverter'
05-02 18:17 TRACE o.s.b.f.s.DefaultListableBeanFactory - Returning cached instance of singleton bean 'org.springframework.boot.autoconfigure.http.JacksonHttpMessageConvertersConfiguration'
05-02 18:17 TRACE o.s.b.f.s.DefaultListableBeanFactory - Returning cached instance of singleton bean 'org.springframework.boot.autoconfigure.http.HttpMessageConvertersAutoConfiguration'
05-02 18:17 TRACE o.s.b.f.s.DefaultListableBeanFactory - Returning cached instance of singleton bean 'messageConverters'
05-02 18:17 TRACE o.s.b.f.s.DefaultListableBeanFactory - Returning cached instance of singleton bean 'org.springframework.boot.autoconfigure.http.client.HttpClientAutoConfiguration'
05-02 18:17 TRACE o.s.b.f.s.DefaultListableBeanFactory - Returning cached instance of singleton bean 'clientHttpRequestFactoryBuilder'
05-02 18:17 TRACE o.s.b.f.s.DefaultListableBeanFactory - Returning cached instance of singleton bean 'clientHttpRequestFactorySettings'
05-02 18:17 TRACE o.s.b.f.s.DefaultListableBeanFactory - Returning cached instance of singleton bean 'spring.http.client-org.springframework.boot.autoconfigure.http.client.HttpClientProperties'
05-02 18:17 TRACE o.s.b.f.s.DefaultListableBeanFactory - Returning cached instance of singleton bean 'org.springframework.boot.autoconfigure.info.ProjectInfoAutoConfiguration'
05-02 18:17 TRACE o.s.b.f.s.DefaultListableBeanFactory - Returning cached instance of singleton bean 'spring.info-org.springframework.boot.autoconfigure.info.ProjectInfoProperties'
05-02 18:17 TRACE o.s.b.f.s.DefaultListableBeanFactory - Returning cached instance of singleton bean 'org.springframework.boot.autoconfigure.sql.init.SqlInitializationAutoConfiguration'
05-02 18:17 TRACE o.s.b.f.s.DefaultListableBeanFactory - Returning cached instance of singleton bean 'spring.sql.init-org.springframework.boot.autoconfigure.sql.init.SqlInitializationProperties'
05-02 18:17 TRACE o.s.b.f.s.DefaultListableBeanFactory - Returning cached instance of singleton bean 'org.springframework.boot.sql.init.dependency.DatabaseInitializationDependencyConfigurer$DependsOnDatabaseInitializationPostProcessor'
05-02 18:17 TRACE o.s.b.f.s.DefaultListableBeanFactory - Returning cached instance of singleton bean 'org.springframework.boot.autoconfigure.task.TaskSchedulingConfigurations$ThreadPoolTaskSchedulerBuilderConfiguration'
05-02 18:17 TRACE o.s.b.f.s.DefaultListableBeanFactory - Returning cached instance of singleton bean 'threadPoolTaskSchedulerBuilder'
05-02 18:17 TRACE o.s.b.f.s.DefaultListableBeanFactory - Returning cached instance of singleton bean 'org.springframework.boot.autoconfigure.task.TaskSchedulingConfigurations$SimpleAsyncTaskSchedulerBuilderConfiguration'
05-02 18:17 TRACE o.s.b.f.s.DefaultListableBeanFactory - Returning cached instance of singleton bean 'simpleAsyncTaskSchedulerBuilder'
05-02 18:17 TRACE o.s.b.f.s.DefaultListableBeanFactory - Returning cached instance of singleton bean 'org.springframework.boot.autoconfigure.task.TaskSchedulingAutoConfiguration'
05-02 18:17 TRACE o.s.b.f.s.DefaultListableBeanFactory - Returning cached instance of singleton bean 'spring.task.scheduling-org.springframework.boot.autoconfigure.task.TaskSchedulingProperties'
05-02 18:17 TRACE o.s.b.f.s.DefaultListableBeanFactory - Returning cached instance of singleton bean 'org.springframework.boot.autoconfigure.thymeleaf.ThymeleafAutoConfiguration$ThymeleafWebMvcConfiguration$ThymeleafViewResolverConfiguration'
05-02 18:17 TRACE o.s.b.f.s.DefaultListableBeanFactory - Returning cached instance of singleton bean 'thymeleafViewResolver'
05-02 18:17 TRACE o.s.b.f.s.DefaultListableBeanFactory - Returning cached instance of singleton bean 'org.springframework.boot.autoconfigure.thymeleaf.ThymeleafAutoConfiguration$ThymeleafWebMvcConfiguration'
05-02 18:17 TRACE o.s.b.f.s.DefaultListableBeanFactory - Returning cached instance of singleton bean 'resourceUrlEncodingFilter'
05-02 18:17 TRACE o.s.b.f.s.DefaultListableBeanFactory - Returning cached instance of singleton bean 'org.springframework.boot.autoconfigure.thymeleaf.ThymeleafAutoConfiguration$DefaultTemplateResolverConfiguration'
05-02 18:17 TRACE o.s.b.f.s.DefaultListableBeanFactory - Returning cached instance of singleton bean 'defaultTemplateResolver'
05-02 18:17 TRACE o.s.b.f.s.DefaultListableBeanFactory - Returning cached instance of singleton bean 'org.springframework.boot.autoconfigure.thymeleaf.TemplateEngineConfigurations$DefaultTemplateEngineConfiguration'
05-02 18:17 TRACE o.s.b.f.s.DefaultListableBeanFactory - Returning cached instance of singleton bean 'templateEngine'
05-02 18:17 TRACE o.s.b.f.s.DefaultListableBeanFactory - Returning cached instance of singleton bean 'org.springframework.boot.autoconfigure.thymeleaf.ThymeleafAutoConfiguration'
05-02 18:17 TRACE o.s.b.f.s.DefaultListableBeanFactory - Returning cached instance of singleton bean 'spring.thymeleaf-org.springframework.boot.autoconfigure.thymeleaf.ThymeleafProperties'
05-02 18:17 TRACE o.s.b.f.s.DefaultListableBeanFactory - Returning cached instance of singleton bean 'org.springframework.boot.autoconfigure.web.client.RestClientAutoConfiguration'
05-02 18:17 TRACE o.s.b.f.s.DefaultListableBeanFactory - Returning cached instance of singleton bean 'httpMessageConvertersRestClientCustomizer'
05-02 18:17 TRACE o.s.b.f.s.DefaultListableBeanFactory - Returning cached instance of singleton bean 'restClientSsl'
05-02 18:17 TRACE o.s.b.f.s.DefaultListableBeanFactory - Returning cached instance of singleton bean 'restClientBuilderConfigurer'
05-02 18:17 TRACE o.s.b.f.s.DefaultListableBeanFactory - Returning cached instance of singleton bean 'org.springframework.boot.autoconfigure.web.client.RestTemplateAutoConfiguration'
05-02 18:17 TRACE o.s.b.f.s.DefaultListableBeanFactory - Returning cached instance of singleton bean 'org.springframework.boot.autoconfigure.web.servlet.HttpEncodingAutoConfiguration'
05-02 18:17 TRACE o.s.b.f.s.DefaultListableBeanFactory - Returning cached instance of singleton bean 'characterEncodingFilter'
05-02 18:17 TRACE o.s.b.f.s.DefaultListableBeanFactory - Returning cached instance of singleton bean 'localeCharsetMappingsCustomizer'
05-02 18:17 TRACE o.s.b.f.s.DefaultListableBeanFactory - Returning cached instance of singleton bean 'org.springframework.boot.autoconfigure.web.servlet.MultipartAutoConfiguration'
05-02 18:17 TRACE o.s.b.f.s.DefaultListableBeanFactory - Returning cached instance of singleton bean 'multipartConfigElement'
05-02 18:17 TRACE o.s.b.f.s.DefaultListableBeanFactory - Returning cached instance of singleton bean 'multipartResolver'
05-02 18:17 TRACE o.s.b.f.s.DefaultListableBeanFactory - Returning cached instance of singleton bean 'spring.servlet.multipart-org.springframework.boot.autoconfigure.web.servlet.MultipartProperties'
05-02 18:17 TRACE o.s.b.f.s.DefaultListableBeanFactory - Returning cached instance of singleton bean 'org.springframework.aop.config.internalAutoProxyCreator'
05-02 18:17 TRACE o.s.b.f.s.DefaultListableBeanFactory - Returning cached instance of singleton bean 'org.springframework.boot.test.mock.mockito.MockitoBeans'
05-02 18:17 TRACE o.s.t.c.c.DefaultCacheAwareContextLoaderDelegate - Retrieved ApplicationContext [1302141801] from cache with key [WebMergedContextConfiguration@6fcd31c3 testClass = com.practica.practica.Practica1AllanSotoApplicationTests, locations = [], classes = [com.practica.practica.Practica1AllanSotoApplication], contextInitializerClasses = [], activeProfiles = [], propertySourceDescriptors = [], propertySourceProperties = ["org.springframework.boot.test.context.SpringBootTestContextBootstrapper=true"], contextCustomizers = [org.springframework.boot.test.context.filter.ExcludeFilterContextCustomizer@28261e8e, org.springframework.boot.test.json.DuplicateJsonObjectContextCustomizerFactory$DuplicateJsonObjectContextCustomizer@3ba987b8, org.springframework.boot.test.mock.mockito.MockitoContextCustomizer@0, org.springframework.boot.test.web.client.TestRestTemplateContextCustomizer@57a78e3, org.springframework.boot.test.web.reactor.netty.DisableReactorResourceFactoryGlobalResourcesContextCustomizerFactory$DisableReactorResourceFactoryGlobalResourcesContextCustomizerCustomizer@7d9d0818, org.springframework.boot.test.autoconfigure.OnFailureConditionReportContextCustomizerFactory$OnFailureConditionReportContextCustomizer@2b40ff9c, org.springframework.boot.test.autoconfigure.actuate.observability.ObservabilityContextCustomizerFactory$DisableObservabilityContextCustomizer@1f, org.springframework.boot.test.autoconfigure.properties.PropertyMappingContextCustomizer@0, org.springframework.boot.test.autoconfigure.web.servlet.WebDriverContextCustomizer@4a8355dd, org.springframework.test.context.support.DynamicPropertiesContextCustomizer@0, org.springframework.boot.test.context.SpringBootTestAnnotation@a86a3b33], resourceBasePath = "src/main/webapp", contextLoader = org.springframework.boot.test.context.SpringBootContextLoader, parent = null]
05-02 18:17 DEBUG o.springframework.test.context.cache - Spring test ApplicationContext cache statistics: [DefaultContextCache@67bf0480 size = 1, maxSize = 32, parentContextCount = 0, hitCount = 13, missCount = 1, failureCount = 0]
05-02 18:17 TRACE o.s.t.c.s.DirtiesContextTestExecutionListener - After test method: context [DefaultTestContext@32faa16c testClass = com.practica.practica.Practica1AllanSotoApplicationTests, testInstance = com.practica.practica.Practica1AllanSotoApplicationTests@343fddd9, testMethod = contextLoads(), testException = null, mergedContextConfiguration = [WebMergedContextConfiguration@6fcd31c3 testClass = com.practica.practica.Practica1AllanSotoApplicationTests, locations = [], classes = [com.practica.practica.Practica1AllanSotoApplication], contextInitializerClasses = [], activeProfiles = [], propertySourceDescriptors = [], propertySourceProperties = ["org.springframework.boot.test.context.SpringBootTestContextBootstrapper=true"], contextCustomizers = [org.springframework.boot.test.context.filter.ExcludeFilterContextCustomizer@28261e8e, org.springframework.boot.test.json.DuplicateJsonObjectContextCustomizerFactory$DuplicateJsonObjectContextCustomizer@3ba987b8, org.springframework.boot.test.mock.mockito.MockitoContextCustomizer@0, org.springframework.boot.test.web.client.TestRestTemplateContextCustomizer@57a78e3, org.springframework.boot.test.web.reactor.netty.DisableReactorResourceFactoryGlobalResourcesContextCustomizerFactory$DisableReactorResourceFactoryGlobalResourcesContextCustomizerCustomizer@7d9d0818, org.springframework.boot.test.autoconfigure.OnFailureConditionReportContextCustomizerFactory$OnFailureConditionReportContextCustomizer@2b40ff9c, org.springframework.boot.test.autoconfigure.actuate.observability.ObservabilityContextCustomizerFactory$DisableObservabilityContextCustomizer@1f, org.springframework.boot.test.autoconfigure.properties.PropertyMappingContextCustomizer@0, org.springframework.boot.test.autoconfigure.web.servlet.WebDriverContextCustomizer@4a8355dd, org.springframework.test.context.support.DynamicPropertiesContextCustomizer@0, org.springframework.boot.test.context.SpringBootTestAnnotation@a86a3b33], resourceBasePath = "src/main/webapp", contextLoader = org.springframework.boot.test.context.SpringBootContextLoader, parent = null], attributes = {"org.springframework.test.context.web.ServletTestExecutionListener.activateListener" -> true, "org.springframework.test.context.web.ServletTestExecutionListener.populatedRequestContextHolder" -> true, "org.springframework.test.context.web.ServletTestExecutionListener.resetRequestContextHolder" -> true, "org.springframework.test.context.event.ApplicationEventsTestExecutionListener.recordApplicationEvents" -> false}], class annotated with @DirtiesContext [false] with mode [null], method annotated with @DirtiesContext [false] with mode [null]
05-02 18:17 TRACE o.s.t.c.w.ServletTestExecutionListener - Resetting RequestContextHolder for test context [DefaultTestContext@32faa16c testClass = com.practica.practica.Practica1AllanSotoApplicationTests, testInstance = com.practica.practica.Practica1AllanSotoApplicationTests@343fddd9, testMethod = contextLoads(), testException = null, mergedContextConfiguration = [WebMergedContextConfiguration@6fcd31c3 testClass = com.practica.practica.Practica1AllanSotoApplicationTests, locations = [], classes = [com.practica.practica.Practica1AllanSotoApplication], contextInitializerClasses = [], activeProfiles = [], propertySourceDescriptors = [], propertySourceProperties = ["org.springframework.boot.test.context.SpringBootTestContextBootstrapper=true"], contextCustomizers = [org.springframework.boot.test.context.filter.ExcludeFilterContextCustomizer@28261e8e, org.springframework.boot.test.json.DuplicateJsonObjectContextCustomizerFactory$DuplicateJsonObjectContextCustomizer@3ba987b8, org.springframework.boot.test.mock.mockito.MockitoContextCustomizer@0, org.springframework.boot.test.web.client.TestRestTemplateContextCustomizer@57a78e3, org.springframework.boot.test.web.reactor.netty.DisableReactorResourceFactoryGlobalResourcesContextCustomizerFactory$DisableReactorResourceFactoryGlobalResourcesContextCustomizerCustomizer@7d9d0818, org.springframework.boot.test.autoconfigure.OnFailureConditionReportContextCustomizerFactory$OnFailureConditionReportContextCustomizer@2b40ff9c, org.springframework.boot.test.autoconfigure.actuate.observability.ObservabilityContextCustomizerFactory$DisableObservabilityContextCustomizer@1f, org.springframework.boot.test.autoconfigure.properties.PropertyMappingContextCustomizer@0, org.springframework.boot.test.autoconfigure.web.servlet.WebDriverContextCustomizer@4a8355dd, org.springframework.test.context.support.DynamicPropertiesContextCustomizer@0, org.springframework.boot.test.context.SpringBootTestAnnotation@a86a3b33], resourceBasePath = "src/main/webapp", contextLoader = org.springframework.boot.test.context.SpringBootContextLoader, parent = null], attributes = {"org.springframework.test.context.web.ServletTestExecutionListener.activateListener" -> true, "org.springframework.test.context.web.ServletTestExecutionListener.populatedRequestContextHolder" -> true, "org.springframework.test.context.web.ServletTestExecutionListener.resetRequestContextHolder" -> true, "org.springframework.test.context.event.ApplicationEventsTestExecutionListener.recordApplicationEvents" -> false}]
]]></system-out>
    <system-err><![CDATA[Mockito is currently self-attaching to enable the inline-mock-maker. This will no longer work in future releases of the JDK. Please add Mockito as an agent to your build as described in Mockito's documentation: https://javadoc.io/doc/org.mockito/mockito-core/latest/org.mockito/org/mockito/Mockito.html#0.3
WARNING: A Java agent has been loaded dynamically (C:\Users\allan\.m2\repository\net\bytebuddy\byte-buddy-agent\1.17.8\byte-buddy-agent-1.17.8.jar)
WARNING: If a serviceability tool is in use, please run with -XX:+EnableDynamicAgentLoading to hide this warning
WARNING: If a serviceability tool is not in use, please run with -Djdk.instrument.traceUsage for more information
WARNING: Dynamic loading of agents will be disallowed by default in a future release
]]></system-err>
  </testcase>
</testsuite>